This is pdfTeX, Version 3.141592653-2.6-1.40.26 (TeX Live 2024) (preloaded format=pdflatex 2024.4.17)  10 SEP 2024 23:33
entering extended mode
 restricted \write18 enabled.
 %&-line parsing enabled.
**main.tex
(./main.tex
LaTeX2e <2023-11-01> patch level 1
L3 programming layer <2024-02-20>
(/usr/local/texlive/2024/texmf-dist/tex/latex/base/article.cls
Document Class: article 2023/05/17 v1.4n Standard LaTeX document class
(/usr/local/texlive/2024/texmf-dist/tex/latex/base/size10.clo
File: size10.clo 2023/05/17 v1.4n Standard LaTeX file (size option)
)
\c@part=\count188
\c@section=\count189
\c@subsection=\count190
\c@subsubsection=\count191
\c@paragraph=\count192
\c@subparagraph=\count193
\c@figure=\count194
\c@table=\count195
\abovecaptionskip=\skip48
\belowcaptionskip=\skip49
\bibindent=\dimen140
) (./arxiv.sty
(/usr/local/texlive/2024/texmf-dist/tex/latex/geometry/geometry.sty
Package: geometry 2020/01/02 v5.9 Page Geometry

(/usr/local/texlive/2024/texmf-dist/tex/latex/graphics/keyval.sty
Package: keyval 2022/05/29 v1.15 key=value parser (DPC)
\KV@toks@=\toks17
)
(/usr/local/texlive/2024/texmf-dist/tex/generic/iftex/ifvtex.sty
Package: ifvtex 2019/10/25 v1.7 ifvtex legacy package. Use iftex instead.

(/usr/local/texlive/2024/texmf-dist/tex/generic/iftex/iftex.sty
Package: iftex 2022/02/03 v1.0f TeX engine tests
))
\Gm@cnth=\count196
\Gm@cntv=\count197
\c@Gm@tempcnt=\count198
\Gm@bindingoffset=\dimen141
\Gm@wd@mp=\dimen142
\Gm@odd@mp=\dimen143
\Gm@even@mp=\dimen144
\Gm@layoutwidth=\dimen145
\Gm@layoutheight=\dimen146
\Gm@layouthoffset=\dimen147
\Gm@layoutvoffset=\dimen148
\Gm@dimlist=\toks18
)
(/usr/local/texlive/2024/texmf-dist/tex/latex/fancyhdr/fancyhdr.sty
Package: fancyhdr 2022/11/09 v4.1 Extensive control of page headers and footers

\f@nch@headwidth=\skip50
\f@nch@O@elh=\skip51
\f@nch@O@erh=\skip52
\f@nch@O@olh=\skip53
\f@nch@O@orh=\skip54
\f@nch@O@elf=\skip55
\f@nch@O@erf=\skip56
\f@nch@O@olf=\skip57
\f@nch@O@orf=\skip58
)
\@abovecaptionskip=\skip59
\@belowcaptionskip=\skip60
)
(/usr/local/texlive/2024/texmf-dist/tex/latex/base/inputenc.sty
Package: inputenc 2021/02/14 v1.3d Input encoding file
\inpenc@prehook=\toks19
\inpenc@posthook=\toks20
)
(/usr/local/texlive/2024/texmf-dist/tex/latex/base/fontenc.sty
Package: fontenc 2021/04/29 v2.0v Standard LaTeX package
LaTeX Font Info:    Trying to load font information for T1+ptm on input line 11
2.

(/usr/local/texlive/2024/texmf-dist/tex/latex/psnfss/t1ptm.fd
File: t1ptm.fd 2001/06/04 font definitions for T1/ptm.
))
(/usr/local/texlive/2024/texmf-dist/tex/latex/hyperref/hyperref.sty
Package: hyperref 2024-01-20 v7.01h Hypertext links for LaTeX

(/usr/local/texlive/2024/texmf-dist/tex/latex/kvsetkeys/kvsetkeys.sty
Package: kvsetkeys 2022-10-05 v1.19 Key value parser (HO)
)
(/usr/local/texlive/2024/texmf-dist/tex/generic/kvdefinekeys/kvdefinekeys.sty
Package: kvdefinekeys 2019-12-19 v1.6 Define keys (HO)
)
(/usr/local/texlive/2024/texmf-dist/tex/generic/pdfescape/pdfescape.sty
Package: pdfescape 2019/12/09 v1.15 Implements pdfTeX's escape features (HO)

(/usr/local/texlive/2024/texmf-dist/tex/generic/ltxcmds/ltxcmds.sty
Package: ltxcmds 2023-12-04 v1.26 LaTeX kernel commands for general use (HO)
)
(/usr/local/texlive/2024/texmf-dist/tex/generic/pdftexcmds/pdftexcmds.sty
Package: pdftexcmds 2020-06-27 v0.33 Utility functions of pdfTeX for LuaTeX (HO
)

(/usr/local/texlive/2024/texmf-dist/tex/generic/infwarerr/infwarerr.sty
Package: infwarerr 2019/12/03 v1.5 Providing info/warning/error messages (HO)
)
Package pdftexcmds Info: \pdf@primitive is available.
Package pdftexcmds Info: \pdf@ifprimitive is available.
Package pdftexcmds Info: \pdfdraftmode found.
))
(/usr/local/texlive/2024/texmf-dist/tex/latex/hycolor/hycolor.sty
Package: hycolor 2020-01-27 v1.10 Color options for hyperref/bookmark (HO)
)
(/usr/local/texlive/2024/texmf-dist/tex/latex/auxhook/auxhook.sty
Package: auxhook 2019-12-17 v1.6 Hooks for auxiliary files (HO)
)
(/usr/local/texlive/2024/texmf-dist/tex/latex/hyperref/nameref.sty
Package: nameref 2023-11-26 v2.56 Cross-referencing by name of section

(/usr/local/texlive/2024/texmf-dist/tex/latex/refcount/refcount.sty
Package: refcount 2019/12/15 v3.6 Data extraction from label references (HO)
)
(/usr/local/texlive/2024/texmf-dist/tex/generic/gettitlestring/gettitlestring.s
ty
Package: gettitlestring 2019/12/15 v1.6 Cleanup title references (HO)
 (/usr/local/texlive/2024/texmf-dist/tex/latex/kvoptions/kvoptions.sty
Package: kvoptions 2022-06-15 v3.15 Key value format for package options (HO)
))
\c@section@level=\count199
)
(/usr/local/texlive/2024/texmf-dist/tex/latex/etoolbox/etoolbox.sty
Package: etoolbox 2020/10/05 v2.5k e-TeX tools for LaTeX (JAW)
\etb@tempcnta=\count266
)
\@linkdim=\dimen149
\Hy@linkcounter=\count267
\Hy@pagecounter=\count268

(/usr/local/texlive/2024/texmf-dist/tex/latex/hyperref/pd1enc.def
File: pd1enc.def 2024-01-20 v7.01h Hyperref: PDFDocEncoding definition (HO)
Now handling font encoding PD1 ...
... no UTF-8 mapping file for font encoding PD1
)
(/usr/local/texlive/2024/texmf-dist/tex/generic/intcalc/intcalc.sty
Package: intcalc 2019/12/15 v1.3 Expandable calculations with integers (HO)
)
\Hy@SavedSpaceFactor=\count269

(/usr/local/texlive/2024/texmf-dist/tex/latex/hyperref/puenc.def
File: puenc.def 2024-01-20 v7.01h Hyperref: PDF Unicode definition (HO)
Now handling font encoding PU ...
... no UTF-8 mapping file for font encoding PU
)
Package hyperref Info: Hyper figures OFF on input line 4179.
Package hyperref Info: Link nesting OFF on input line 4184.
Package hyperref Info: Hyper index ON on input line 4187.
Package hyperref Info: Plain pages OFF on input line 4194.
Package hyperref Info: Backreferencing OFF on input line 4199.
Package hyperref Info: Implicit mode ON; LaTeX internals redefined.
Package hyperref Info: Bookmarks ON on input line 4446.
\c@Hy@tempcnt=\count270

(/usr/local/texlive/2024/texmf-dist/tex/latex/url/url.sty
\Urlmuskip=\muskip16
Package: url 2013/09/16  ver 3.4  Verb mode for urls, etc.
)
LaTeX Info: Redefining \url on input line 4784.
\XeTeXLinkMargin=\dimen150

(/usr/local/texlive/2024/texmf-dist/tex/generic/bitset/bitset.sty
Package: bitset 2019/12/09 v1.3 Handle bit-vector datatype (HO)

(/usr/local/texlive/2024/texmf-dist/tex/generic/bigintcalc/bigintcalc.sty
Package: bigintcalc 2019/12/15 v1.5 Expandable calculations on big integers (HO
)
))
\Fld@menulength=\count271
\Field@Width=\dimen151
\Fld@charsize=\dimen152
Package hyperref Info: Hyper figures OFF on input line 6063.
Package hyperref Info: Link nesting OFF on input line 6068.
Package hyperref Info: Hyper index ON on input line 6071.
Package hyperref Info: backreferencing OFF on input line 6078.
Package hyperref Info: Link coloring OFF on input line 6083.
Package hyperref Info: Link coloring with OCG OFF on input line 6088.
Package hyperref Info: PDF/A mode OFF on input line 6093.

(/usr/local/texlive/2024/texmf-dist/tex/latex/base/atbegshi-ltx.sty
Package: atbegshi-ltx 2021/01/10 v1.0c Emulation of the original atbegshi
package with kernel methods
)
\Hy@abspage=\count272
\c@Item=\count273
\c@Hfootnote=\count274
)
Package hyperref Info: Driver (autodetected): hpdftex.

(/usr/local/texlive/2024/texmf-dist/tex/latex/hyperref/hpdftex.def
File: hpdftex.def 2024-01-20 v7.01h Hyperref driver for pdfTeX

(/usr/local/texlive/2024/texmf-dist/tex/latex/base/atveryend-ltx.sty
Package: atveryend-ltx 2020/08/19 v1.0a Emulation of the original atveryend pac
kage
with kernel methods
)
\Fld@listcount=\count275
\c@bookmark@seq@number=\count276

(/usr/local/texlive/2024/texmf-dist/tex/latex/rerunfilecheck/rerunfilecheck.sty
Package: rerunfilecheck 2022-07-10 v1.10 Rerun checks for auxiliary files (HO)

(/usr/local/texlive/2024/texmf-dist/tex/generic/uniquecounter/uniquecounter.sty
Package: uniquecounter 2019/12/15 v1.4 Provide unlimited unique counter (HO)
)
Package uniquecounter Info: New unique counter `rerunfilecheck' on input line 2
85.
)
\Hy@SectionHShift=\skip61
) (/usr/local/texlive/2024/texmf-dist/tex/latex/booktabs/booktabs.sty
Package: booktabs 2020/01/12 v1.61803398 Publication quality tables
\heavyrulewidth=\dimen153
\lightrulewidth=\dimen154
\cmidrulewidth=\dimen155
\belowrulesep=\dimen156
\belowbottomsep=\dimen157
\aboverulesep=\dimen158
\abovetopsep=\dimen159
\cmidrulesep=\dimen160
\cmidrulekern=\dimen161
\defaultaddspace=\dimen162
\@cmidla=\count277
\@cmidlb=\count278
\@aboverulesep=\dimen163
\@belowrulesep=\dimen164
\@thisruleclass=\count279
\@lastruleclass=\count280
\@thisrulewidth=\dimen165
)
(/usr/local/texlive/2024/texmf-dist/tex/latex/amsfonts/amsfonts.sty
Package: amsfonts 2013/01/14 v3.01 Basic AMSFonts support
\@emptytoks=\toks21
\symAMSa=\mathgroup4
\symAMSb=\mathgroup5
LaTeX Font Info:    Redeclaring math symbol \hbar on input line 98.
LaTeX Font Info:    Overwriting math alphabet `\mathfrak' in version `bold'
(Font)                  U/euf/m/n --> U/euf/b/n on input line 106.
)
(/usr/local/texlive/2024/texmf-dist/tex/latex/units/nicefrac.sty
Package: nicefrac 1998/08/04 v0.9b Nice fractions
\L@UnitsRaiseDisplaystyle=\skip62
\L@UnitsRaiseTextstyle=\skip63
\L@UnitsRaiseScriptstyle=\skip64

(/usr/local/texlive/2024/texmf-dist/tex/latex/base/ifthen.sty
Package: ifthen 2022/04/13 v1.1d Standard LaTeX ifthen package (DPC)
))
(/usr/local/texlive/2024/texmf-dist/tex/latex/microtype/microtype.sty
Package: microtype 2023/03/13 v3.1a Micro-typographical refinements (RS)
\MT@toks=\toks22
\MT@tempbox=\box51
\MT@count=\count281
LaTeX Info: Redefining \noprotrusionifhmode on input line 1059.
LaTeX Info: Redefining \leftprotrusion on input line 1060.
\MT@prot@toks=\toks23
LaTeX Info: Redefining \rightprotrusion on input line 1078.
LaTeX Info: Redefining \textls on input line 1368.
\MT@outer@kern=\dimen166
LaTeX Info: Redefining \textmicrotypecontext on input line 1988.
\MT@listname@count=\count282

(/usr/local/texlive/2024/texmf-dist/tex/latex/microtype/microtype-pdftex.def
File: microtype-pdftex.def 2023/03/13 v3.1a Definitions specific to pdftex (RS)

LaTeX Info: Redefining \lsstyle on input line 902.
LaTeX Info: Redefining \lslig on input line 902.
\MT@outer@space=\skip65
)
Package microtype Info: Loading configuration file microtype.cfg.

(/usr/local/texlive/2024/texmf-dist/tex/latex/microtype/microtype.cfg
File: microtype.cfg 2023/03/13 v3.1a microtype main configuration file (RS)
))
(/usr/local/texlive/2024/texmf-dist/tex/latex/lipsum/lipsum.sty
(/usr/local/texlive/2024/texmf-dist/tex/latex/l3packages/l3keys2e/l3keys2e.sty
(/usr/local/texlive/2024/texmf-dist/tex/latex/l3kernel/expl3.sty
Package: expl3 2024-02-20 L3 programming layer (loader) 

(/usr/local/texlive/2024/texmf-dist/tex/latex/l3backend/l3backend-pdftex.def
File: l3backend-pdftex.def 2024-02-20 L3 backend support: PDF output (pdfTeX)
\l__color_backend_stack_int=\count283
\l__pdf_internal_box=\box52
))
Package: l3keys2e 2024-02-18 LaTeX2e option processing using LaTeX3 keys
)
Package: lipsum 2021-09-20 v2.7 150 paragraphs of Lorem Ipsum dummy text
\g__lipsum_par_int=\count284
\l__lipsum_a_int=\count285
\l__lipsum_b_int=\count286
(/usr/local/texlive/2024/texmf-dist/tex/latex/lipsum/lipsum.ltd.tex))
(/usr/local/texlive/2024/texmf-dist/tex/latex/base/latexsym.sty
Package: latexsym 1998/08/17 v2.2e Standard LaTeX package (lasy symbols)
\symlasy=\mathgroup6
LaTeX Font Info:    Overwriting symbol font `lasy' in version `bold'
(Font)                  U/lasy/m/n --> U/lasy/b/n on input line 52.
)
(/usr/local/texlive/2024/texmf-dist/tex/latex/amsfonts/amssymb.sty
Package: amssymb 2013/01/14 v3.01 AMS font symbols
)
(/usr/local/texlive/2024/texmf-dist/tex/latex/amscls/amsthm.sty
Package: amsthm 2020/05/29 v2.20.6
\thm@style=\toks24
\thm@bodyfont=\toks25
\thm@headfont=\toks26
\thm@notefont=\toks27
\thm@headpunct=\toks28
\thm@preskip=\skip66
\thm@postskip=\skip67
\thm@headsep=\skip68
\dth@everypar=\toks29
)
(/usr/local/texlive/2024/texmf-dist/tex/latex/amsmath/amsmath.sty
Package: amsmath 2023/05/13 v2.17o AMS math features
\@mathmargin=\skip69

For additional information on amsmath, use the `?' option.
(/usr/local/texlive/2024/texmf-dist/tex/latex/amsmath/amstext.sty
Package: amstext 2021/08/26 v2.01 AMS text

(/usr/local/texlive/2024/texmf-dist/tex/latex/amsmath/amsgen.sty
File: amsgen.sty 1999/11/30 v2.0 generic functions
\@emptytoks=\toks30
\ex@=\dimen167
))
(/usr/local/texlive/2024/texmf-dist/tex/latex/amsmath/amsbsy.sty
Package: amsbsy 1999/11/29 v1.2d Bold Symbols
\pmbraise@=\dimen168
)
(/usr/local/texlive/2024/texmf-dist/tex/latex/amsmath/amsopn.sty
Package: amsopn 2022/04/08 v2.04 operator names
)
\inf@bad=\count287
LaTeX Info: Redefining \frac on input line 234.
\uproot@=\count288
\leftroot@=\count289
LaTeX Info: Redefining \overline on input line 399.
LaTeX Info: Redefining \colon on input line 410.
\classnum@=\count290
\DOTSCASE@=\count291
LaTeX Info: Redefining \ldots on input line 496.
LaTeX Info: Redefining \dots on input line 499.
LaTeX Info: Redefining \cdots on input line 620.
\Mathstrutbox@=\box53
\strutbox@=\box54
LaTeX Info: Redefining \big on input line 722.
LaTeX Info: Redefining \Big on input line 723.
LaTeX Info: Redefining \bigg on input line 724.
LaTeX Info: Redefining \Bigg on input line 725.
\big@size=\dimen169
LaTeX Font Info:    Redeclaring font encoding OML on input line 743.
LaTeX Font Info:    Redeclaring font encoding OMS on input line 744.
\macc@depth=\count292
LaTeX Info: Redefining \bmod on input line 905.
LaTeX Info: Redefining \pmod on input line 910.
LaTeX Info: Redefining \smash on input line 940.
LaTeX Info: Redefining \relbar on input line 970.
LaTeX Info: Redefining \Relbar on input line 971.
\c@MaxMatrixCols=\count293
\dotsspace@=\muskip17
\c@parentequation=\count294
\dspbrk@lvl=\count295
\tag@help=\toks31
\row@=\count296
\column@=\count297
\maxfields@=\count298
\andhelp@=\toks32
\eqnshift@=\dimen170
\alignsep@=\dimen171
\tagshift@=\dimen172
\tagwidth@=\dimen173
\totwidth@=\dimen174
\lineht@=\dimen175
\@envbody=\toks33
\multlinegap=\skip70
\multlinetaggap=\skip71
\mathdisplay@stack=\toks34
LaTeX Info: Redefining \[ on input line 2953.
LaTeX Info: Redefining \] on input line 2954.
)
(/usr/local/texlive/2024/texmf-dist/tex/latex/jknapltx/mathrsfs.sty
Package: mathrsfs 1996/01/01 Math RSFS package v1.0 (jk)
\symrsfs=\mathgroup7
)
(/usr/local/texlive/2024/texmf-dist/tex/latex/mathtools/mathtools.sty
Package: mathtools 2024/03/11 v1.30 mathematical typesetting tools

(/usr/local/texlive/2024/texmf-dist/tex/latex/tools/calc.sty
Package: calc 2023/07/08 v4.3 Infix arithmetic (KKT,FJ)
\calc@Acount=\count299
\calc@Bcount=\count300
\calc@Adimen=\dimen176
\calc@Bdimen=\dimen177
\calc@Askip=\skip72
\calc@Bskip=\skip73
LaTeX Info: Redefining \setlength on input line 80.
LaTeX Info: Redefining \addtolength on input line 81.
\calc@Ccount=\count301
\calc@Cskip=\skip74
)
(/usr/local/texlive/2024/texmf-dist/tex/latex/mathtools/mhsetup.sty
Package: mhsetup 2021/03/18 v1.4 programming setup (MH)
)
\g_MT_multlinerow_int=\count302
\l_MT_multwidth_dim=\dimen178
\origjot=\skip75
\l_MT_shortvdotswithinadjustabove_dim=\dimen179
\l_MT_shortvdotswithinadjustbelow_dim=\dimen180
\l_MT_above_intertext_sep=\dimen181
\l_MT_below_intertext_sep=\dimen182
\l_MT_above_shortintertext_sep=\dimen183
\l_MT_below_shortintertext_sep=\dimen184
\xmathstrut@box=\box55
\xmathstrut@dim=\dimen185
)
(/usr/local/texlive/2024/texmf-dist/tex/latex/commath/commath.sty)
(/usr/local/texlive/2024/texmf-dist/tex/latex/pgf/frontendlayer/tikz.sty
(/usr/local/texlive/2024/texmf-dist/tex/latex/pgf/basiclayer/pgf.sty
(/usr/local/texlive/2024/texmf-dist/tex/latex/pgf/utilities/pgfrcs.sty
(/usr/local/texlive/2024/texmf-dist/tex/generic/pgf/utilities/pgfutil-common.te
x
\pgfutil@everybye=\toks35
\pgfutil@tempdima=\dimen186
\pgfutil@tempdimb=\dimen187
)
(/usr/local/texlive/2024/texmf-dist/tex/generic/pgf/utilities/pgfutil-latex.def
\pgfutil@abb=\box56
) (/usr/local/texlive/2024/texmf-dist/tex/generic/pgf/utilities/pgfrcs.code.tex
(/usr/local/texlive/2024/texmf-dist/tex/generic/pgf/pgf.revision.tex)
Package: pgfrcs 2023-01-15 v3.1.10 (3.1.10)
))
Package: pgf 2023-01-15 v3.1.10 (3.1.10)

(/usr/local/texlive/2024/texmf-dist/tex/latex/pgf/basiclayer/pgfcore.sty
(/usr/local/texlive/2024/texmf-dist/tex/latex/graphics/graphicx.sty
Package: graphicx 2021/09/16 v1.2d Enhanced LaTeX Graphics (DPC,SPQR)

(/usr/local/texlive/2024/texmf-dist/tex/latex/graphics/graphics.sty
Package: graphics 2022/03/10 v1.4e Standard LaTeX Graphics (DPC,SPQR)

(/usr/local/texlive/2024/texmf-dist/tex/latex/graphics/trig.sty
Package: trig 2021/08/11 v1.11 sin cos tan (DPC)
)
(/usr/local/texlive/2024/texmf-dist/tex/latex/graphics-cfg/graphics.cfg
File: graphics.cfg 2016/06/04 v1.11 sample graphics configuration
)
Package graphics Info: Driver file: pdftex.def on input line 107.

(/usr/local/texlive/2024/texmf-dist/tex/latex/graphics-def/pdftex.def
File: pdftex.def 2022/09/22 v1.2b Graphics/color driver for pdftex
))
\Gin@req@height=\dimen188
\Gin@req@width=\dimen189
)
(/usr/local/texlive/2024/texmf-dist/tex/latex/pgf/systemlayer/pgfsys.sty
(/usr/local/texlive/2024/texmf-dist/tex/generic/pgf/systemlayer/pgfsys.code.tex
Package: pgfsys 2023-01-15 v3.1.10 (3.1.10)
(/usr/local/texlive/2024/texmf-dist/tex/generic/pgf/utilities/pgfkeys.code.tex
\pgfkeys@pathtoks=\toks36
\pgfkeys@temptoks=\toks37

(/usr/local/texlive/2024/texmf-dist/tex/generic/pgf/utilities/pgfkeyslibraryfil
tered.code.tex
\pgfkeys@tmptoks=\toks38
))
\pgf@x=\dimen190
\pgf@y=\dimen191
\pgf@xa=\dimen192
\pgf@ya=\dimen193
\pgf@xb=\dimen194
\pgf@yb=\dimen195
\pgf@xc=\dimen196
\pgf@yc=\dimen197
\pgf@xd=\dimen198
\pgf@yd=\dimen199
\w@pgf@writea=\write3
\r@pgf@reada=\read2
\c@pgf@counta=\count303
\c@pgf@countb=\count304
\c@pgf@countc=\count305
\c@pgf@countd=\count306
\t@pgf@toka=\toks39
\t@pgf@tokb=\toks40
\t@pgf@tokc=\toks41
\pgf@sys@id@count=\count307

(/usr/local/texlive/2024/texmf-dist/tex/generic/pgf/systemlayer/pgf.cfg
File: pgf.cfg 2023-01-15 v3.1.10 (3.1.10)
)
Driver file for pgf: pgfsys-pdftex.def

(/usr/local/texlive/2024/texmf-dist/tex/generic/pgf/systemlayer/pgfsys-pdftex.d
ef
File: pgfsys-pdftex.def 2023-01-15 v3.1.10 (3.1.10)

(/usr/local/texlive/2024/texmf-dist/tex/generic/pgf/systemlayer/pgfsys-common-p
df.def
File: pgfsys-common-pdf.def 2023-01-15 v3.1.10 (3.1.10)
)))
(/usr/local/texlive/2024/texmf-dist/tex/generic/pgf/systemlayer/pgfsyssoftpath.
code.tex
File: pgfsyssoftpath.code.tex 2023-01-15 v3.1.10 (3.1.10)
\pgfsyssoftpath@smallbuffer@items=\count308
\pgfsyssoftpath@bigbuffer@items=\count309
)
(/usr/local/texlive/2024/texmf-dist/tex/generic/pgf/systemlayer/pgfsysprotocol.
code.tex
File: pgfsysprotocol.code.tex 2023-01-15 v3.1.10 (3.1.10)
)) (/usr/local/texlive/2024/texmf-dist/tex/latex/xcolor/xcolor.sty
Package: xcolor 2023/11/15 v3.01 LaTeX color extensions (UK)

(/usr/local/texlive/2024/texmf-dist/tex/latex/graphics-cfg/color.cfg
File: color.cfg 2016/01/02 v1.6 sample color configuration
)
Package xcolor Info: Driver file: pdftex.def on input line 274.

(/usr/local/texlive/2024/texmf-dist/tex/latex/graphics/mathcolor.ltx)
Package xcolor Info: Model `cmy' substituted by `cmy0' on input line 1350.
Package xcolor Info: Model `hsb' substituted by `rgb' on input line 1354.
Package xcolor Info: Model `RGB' extended on input line 1366.
Package xcolor Info: Model `HTML' substituted by `rgb' on input line 1368.
Package xcolor Info: Model `Hsb' substituted by `hsb' on input line 1369.
Package xcolor Info: Model `tHsb' substituted by `hsb' on input line 1370.
Package xcolor Info: Model `HSB' substituted by `hsb' on input line 1371.
Package xcolor Info: Model `Gray' substituted by `gray' on input line 1372.
Package xcolor Info: Model `wave' substituted by `hsb' on input line 1373.
)
(/usr/local/texlive/2024/texmf-dist/tex/generic/pgf/basiclayer/pgfcore.code.tex
Package: pgfcore 2023-01-15 v3.1.10 (3.1.10)
(/usr/local/texlive/2024/texmf-dist/tex/generic/pgf/math/pgfmath.code.tex
(/usr/local/texlive/2024/texmf-dist/tex/generic/pgf/math/pgfmathutil.code.tex)
(/usr/local/texlive/2024/texmf-dist/tex/generic/pgf/math/pgfmathparser.code.tex
\pgfmath@dimen=\dimen256
\pgfmath@count=\count310
\pgfmath@box=\box57
\pgfmath@toks=\toks42
\pgfmath@stack@operand=\toks43
\pgfmath@stack@operation=\toks44
)
(/usr/local/texlive/2024/texmf-dist/tex/generic/pgf/math/pgfmathfunctions.code.
tex)
(/usr/local/texlive/2024/texmf-dist/tex/generic/pgf/math/pgfmathfunctions.basic
.code.tex)
(/usr/local/texlive/2024/texmf-dist/tex/generic/pgf/math/pgfmathfunctions.trigo
nometric.code.tex)
(/usr/local/texlive/2024/texmf-dist/tex/generic/pgf/math/pgfmathfunctions.rando
m.code.tex)
(/usr/local/texlive/2024/texmf-dist/tex/generic/pgf/math/pgfmathfunctions.compa
rison.code.tex)
(/usr/local/texlive/2024/texmf-dist/tex/generic/pgf/math/pgfmathfunctions.base.
code.tex)
(/usr/local/texlive/2024/texmf-dist/tex/generic/pgf/math/pgfmathfunctions.round
.code.tex)
(/usr/local/texlive/2024/texmf-dist/tex/generic/pgf/math/pgfmathfunctions.misc.
code.tex)
(/usr/local/texlive/2024/texmf-dist/tex/generic/pgf/math/pgfmathfunctions.integ
erarithmetics.code.tex)
(/usr/local/texlive/2024/texmf-dist/tex/generic/pgf/math/pgfmathcalc.code.tex)
(/usr/local/texlive/2024/texmf-dist/tex/generic/pgf/math/pgfmathfloat.code.tex
\c@pgfmathroundto@lastzeros=\count311
)) (/usr/local/texlive/2024/texmf-dist/tex/generic/pgf/math/pgfint.code.tex)
(/usr/local/texlive/2024/texmf-dist/tex/generic/pgf/basiclayer/pgfcorepoints.co
de.tex
File: pgfcorepoints.code.tex 2023-01-15 v3.1.10 (3.1.10)
\pgf@picminx=\dimen257
\pgf@picmaxx=\dimen258
\pgf@picminy=\dimen259
\pgf@picmaxy=\dimen260
\pgf@pathminx=\dimen261
\pgf@pathmaxx=\dimen262
\pgf@pathminy=\dimen263
\pgf@pathmaxy=\dimen264
\pgf@xx=\dimen265
\pgf@xy=\dimen266
\pgf@yx=\dimen267
\pgf@yy=\dimen268
\pgf@zx=\dimen269
\pgf@zy=\dimen270
)
(/usr/local/texlive/2024/texmf-dist/tex/generic/pgf/basiclayer/pgfcorepathconst
ruct.code.tex
File: pgfcorepathconstruct.code.tex 2023-01-15 v3.1.10 (3.1.10)
\pgf@path@lastx=\dimen271
\pgf@path@lasty=\dimen272
)
(/usr/local/texlive/2024/texmf-dist/tex/generic/pgf/basiclayer/pgfcorepathusage
.code.tex
File: pgfcorepathusage.code.tex 2023-01-15 v3.1.10 (3.1.10)
\pgf@shorten@end@additional=\dimen273
\pgf@shorten@start@additional=\dimen274
)
(/usr/local/texlive/2024/texmf-dist/tex/generic/pgf/basiclayer/pgfcorescopes.co
de.tex
File: pgfcorescopes.code.tex 2023-01-15 v3.1.10 (3.1.10)
\pgfpic=\box58
\pgf@hbox=\box59
\pgf@layerbox@main=\box60
\pgf@picture@serial@count=\count312
)
(/usr/local/texlive/2024/texmf-dist/tex/generic/pgf/basiclayer/pgfcoregraphicst
ate.code.tex
File: pgfcoregraphicstate.code.tex 2023-01-15 v3.1.10 (3.1.10)
\pgflinewidth=\dimen275
)
(/usr/local/texlive/2024/texmf-dist/tex/generic/pgf/basiclayer/pgfcoretransform
ations.code.tex
File: pgfcoretransformations.code.tex 2023-01-15 v3.1.10 (3.1.10)
\pgf@pt@x=\dimen276
\pgf@pt@y=\dimen277
\pgf@pt@temp=\dimen278
)
(/usr/local/texlive/2024/texmf-dist/tex/generic/pgf/basiclayer/pgfcorequick.cod
e.tex
File: pgfcorequick.code.tex 2023-01-15 v3.1.10 (3.1.10)
)
(/usr/local/texlive/2024/texmf-dist/tex/generic/pgf/basiclayer/pgfcoreobjects.c
ode.tex
File: pgfcoreobjects.code.tex 2023-01-15 v3.1.10 (3.1.10)
)
(/usr/local/texlive/2024/texmf-dist/tex/generic/pgf/basiclayer/pgfcorepathproce
ssing.code.tex
File: pgfcorepathprocessing.code.tex 2023-01-15 v3.1.10 (3.1.10)
)
(/usr/local/texlive/2024/texmf-dist/tex/generic/pgf/basiclayer/pgfcorearrows.co
de.tex
File: pgfcorearrows.code.tex 2023-01-15 v3.1.10 (3.1.10)
\pgfarrowsep=\dimen279
)
(/usr/local/texlive/2024/texmf-dist/tex/generic/pgf/basiclayer/pgfcoreshade.cod
e.tex
File: pgfcoreshade.code.tex 2023-01-15 v3.1.10 (3.1.10)
\pgf@max=\dimen280
\pgf@sys@shading@range@num=\count313
\pgf@shadingcount=\count314
)
(/usr/local/texlive/2024/texmf-dist/tex/generic/pgf/basiclayer/pgfcoreimage.cod
e.tex
File: pgfcoreimage.code.tex 2023-01-15 v3.1.10 (3.1.10)
)
(/usr/local/texlive/2024/texmf-dist/tex/generic/pgf/basiclayer/pgfcoreexternal.
code.tex
File: pgfcoreexternal.code.tex 2023-01-15 v3.1.10 (3.1.10)
\pgfexternal@startupbox=\box61
)
(/usr/local/texlive/2024/texmf-dist/tex/generic/pgf/basiclayer/pgfcorelayers.co
de.tex
File: pgfcorelayers.code.tex 2023-01-15 v3.1.10 (3.1.10)
)
(/usr/local/texlive/2024/texmf-dist/tex/generic/pgf/basiclayer/pgfcoretranspare
ncy.code.tex
File: pgfcoretransparency.code.tex 2023-01-15 v3.1.10 (3.1.10)
)
(/usr/local/texlive/2024/texmf-dist/tex/generic/pgf/basiclayer/pgfcorepatterns.
code.tex
File: pgfcorepatterns.code.tex 2023-01-15 v3.1.10 (3.1.10)
)
(/usr/local/texlive/2024/texmf-dist/tex/generic/pgf/basiclayer/pgfcorerdf.code.
tex
File: pgfcorerdf.code.tex 2023-01-15 v3.1.10 (3.1.10)
)))
(/usr/local/texlive/2024/texmf-dist/tex/generic/pgf/modules/pgfmoduleshapes.cod
e.tex
File: pgfmoduleshapes.code.tex 2023-01-15 v3.1.10 (3.1.10)
\pgfnodeparttextbox=\box62
)
(/usr/local/texlive/2024/texmf-dist/tex/generic/pgf/modules/pgfmoduleplot.code.
tex
File: pgfmoduleplot.code.tex 2023-01-15 v3.1.10 (3.1.10)
)
(/usr/local/texlive/2024/texmf-dist/tex/latex/pgf/compatibility/pgfcomp-version
-0-65.sty
Package: pgfcomp-version-0-65 2023-01-15 v3.1.10 (3.1.10)
\pgf@nodesepstart=\dimen281
\pgf@nodesepend=\dimen282
)
(/usr/local/texlive/2024/texmf-dist/tex/latex/pgf/compatibility/pgfcomp-version
-1-18.sty
Package: pgfcomp-version-1-18 2023-01-15 v3.1.10 (3.1.10)
))
(/usr/local/texlive/2024/texmf-dist/tex/latex/pgf/utilities/pgffor.sty
(/usr/local/texlive/2024/texmf-dist/tex/latex/pgf/utilities/pgfkeys.sty
(/usr/local/texlive/2024/texmf-dist/tex/generic/pgf/utilities/pgfkeys.code.tex)
) (/usr/local/texlive/2024/texmf-dist/tex/latex/pgf/math/pgfmath.sty
(/usr/local/texlive/2024/texmf-dist/tex/generic/pgf/math/pgfmath.code.tex))
(/usr/local/texlive/2024/texmf-dist/tex/generic/pgf/utilities/pgffor.code.tex
Package: pgffor 2023-01-15 v3.1.10 (3.1.10)
\pgffor@iter=\dimen283
\pgffor@skip=\dimen284
\pgffor@stack=\toks45
\pgffor@toks=\toks46
))
(/usr/local/texlive/2024/texmf-dist/tex/generic/pgf/frontendlayer/tikz/tikz.cod
e.tex
Package: tikz 2023-01-15 v3.1.10 (3.1.10)

(/usr/local/texlive/2024/texmf-dist/tex/generic/pgf/libraries/pgflibraryplothan
dlers.code.tex
File: pgflibraryplothandlers.code.tex 2023-01-15 v3.1.10 (3.1.10)
\pgf@plot@mark@count=\count315
\pgfplotmarksize=\dimen285
)
\tikz@lastx=\dimen286
\tikz@lasty=\dimen287
\tikz@lastxsaved=\dimen288
\tikz@lastysaved=\dimen289
\tikz@lastmovetox=\dimen290
\tikz@lastmovetoy=\dimen291
\tikzleveldistance=\dimen292
\tikzsiblingdistance=\dimen293
\tikz@figbox=\box63
\tikz@figbox@bg=\box64
\tikz@tempbox=\box65
\tikz@tempbox@bg=\box66
\tikztreelevel=\count316
\tikznumberofchildren=\count317
\tikznumberofcurrentchild=\count318
\tikz@fig@count=\count319

(/usr/local/texlive/2024/texmf-dist/tex/generic/pgf/modules/pgfmodulematrix.cod
e.tex
File: pgfmodulematrix.code.tex 2023-01-15 v3.1.10 (3.1.10)
\pgfmatrixcurrentrow=\count320
\pgfmatrixcurrentcolumn=\count321
\pgf@matrix@numberofcolumns=\count322
)
\tikz@expandcount=\count323

(/usr/local/texlive/2024/texmf-dist/tex/generic/pgf/frontendlayer/tikz/librarie
s/tikzlibrarytopaths.code.tex
File: tikzlibrarytopaths.code.tex 2023-01-15 v3.1.10 (3.1.10)
)))
(/usr/local/texlive/2024/texmf-dist/tex/latex/comment/comment.sty
\CommentStream=\write4

Excluding comment 'comment')
(/usr/local/texlive/2024/texmf-dist/tex/latex/natbib/natbib.sty
Package: natbib 2010/09/13 8.31b (PWD, AO)
\bibhang=\skip76
\bibsep=\skip77
LaTeX Info: Redefining \cite on input line 694.
\c@NAT@ctr=\count324
)
(/usr/local/texlive/2024/texmf-dist/tex/latex/graphics/rotating.sty
Package: rotating 2016/08/11 v2.16d rotated objects in LaTeX
\c@r@tfl@t=\count325
\rotFPtop=\skip78
\rotFPbot=\skip79
\rot@float@box=\box67
\rot@mess@toks=\toks47
)
(/usr/local/texlive/2024/texmf-dist/tex/latex/algorithms/algorithm.sty
Package: algorithm 2009/08/24 v0.1 Document Style `algorithm' - floating enviro
nment

(/usr/local/texlive/2024/texmf-dist/tex/latex/float/float.sty
Package: float 2001/11/08 v1.3d Float enhancements (AL)
\c@float@type=\count326
\float@exts=\toks48
\float@box=\box68
\@float@everytoks=\toks49
\@floatcapt=\box69
)
\@float@every@algorithm=\toks50
\c@algorithm=\count327
)
(/usr/local/texlive/2024/texmf-dist/tex/latex/algorithmicx/algpseudocode.sty
Package: algpseudocode 

(/usr/local/texlive/2024/texmf-dist/tex/latex/algorithmicx/algorithmicx.sty
Package: algorithmicx 2005/04/27 v1.2 Algorithmicx

Document Style algorithmicx 1.2 - a greatly improved `algorithmic' style
\c@ALG@line=\count328
\c@ALG@rem=\count329
\c@ALG@nested=\count330
\ALG@tlm=\skip80
\ALG@thistlm=\skip81
\c@ALG@Lnr=\count331
\c@ALG@blocknr=\count332
\c@ALG@storecount=\count333
\c@ALG@tmpcounter=\count334
\ALG@tmplength=\skip82
)
Document Style - pseudocode environments for use with the `algorithmicx' style
) (/usr/local/texlive/2024/texmf-dist/tex/latex/bbm-macros/bbm.sty
Package: bbm 1999/03/15 V 1.2 provides fonts for set symbols - TH
LaTeX Font Info:    Overwriting math alphabet `\mathbbm' in version `bold'
(Font)                  U/bbm/m/n --> U/bbm/bx/n on input line 33.
LaTeX Font Info:    Overwriting math alphabet `\mathbbmss' in version `bold'
(Font)                  U/bbmss/m/n --> U/bbmss/bx/n on input line 35.
)
(/usr/local/texlive/2024/texmf-dist/tex/latex/siunitx/siunitx.sty
Package: siunitx 2024-02-15 v3.3.12 A comprehensive (SI) units package
\l__siunitx_number_uncert_offset_int=\count335
\l__siunitx_number_exponent_fixed_int=\count336
\l__siunitx_number_min_decimal_int=\count337
\l__siunitx_number_min_integer_int=\count338
\l__siunitx_number_round_precision_int=\count339
\l__siunitx_number_lower_threshold_int=\count340
\l__siunitx_number_upper_threshold_int=\count341
\l__siunitx_number_group_first_int=\count342
\l__siunitx_number_group_size_int=\count343
\l__siunitx_number_group_minimum_int=\count344
\l__siunitx_angle_tmp_dim=\dimen294
\l__siunitx_angle_marker_box=\box70
\l__siunitx_angle_unit_box=\box71
\l__siunitx_compound_count_int=\count345

(/usr/local/texlive/2024/texmf-dist/tex/latex/translations/translations.sty
Package: translations 2022/02/05 v1.12 internationalization of LaTeX2e packages
 (CN)
)
\l__siunitx_table_tmp_box=\box72
\l__siunitx_table_tmp_dim=\dimen295
\l__siunitx_table_column_width_dim=\dimen296
\l__siunitx_table_integer_box=\box73
\l__siunitx_table_decimal_box=\box74
\l__siunitx_table_uncert_box=\box75
\l__siunitx_table_before_box=\box76
\l__siunitx_table_after_box=\box77
\l__siunitx_table_before_dim=\dimen297
\l__siunitx_table_carry_dim=\dimen298
\l__siunitx_unit_tmp_int=\count346
\l__siunitx_unit_position_int=\count347
\l__siunitx_unit_total_int=\count348

(/usr/local/texlive/2024/texmf-dist/tex/latex/tools/array.sty
Package: array 2023/10/16 v2.5g Tabular extension package (FMi)
\col@sep=\dimen299
\ar@mcellbox=\box78
\extrarowheight=\dimen300
\NC@list=\toks51
\extratabsurround=\skip83
\backup@length=\skip84
\ar@cellbox=\box79
))

Package siunitx Info: Option "scientific-notation = true" has been deprecated
(siunitx)             in this release.
(siunitx)             
(siunitx)             Use "exponent-mode = scientific" as a replacement.

\c@theorem=\count349
Package translations Info: No language package found. I am going to use `englis
h' as default language. on input line 76.
 (./main.aux)
\openout1 = `main.aux'.

LaTeX Font Info:    Checking defaults for OML/cmm/m/it on input line 76.
LaTeX Font Info:    ... okay on input line 76.
LaTeX Font Info:    Checking defaults for OMS/cmsy/m/n on input line 76.
LaTeX Font Info:    ... okay on input line 76.
LaTeX Font Info:    Checking defaults for OT1/cmr/m/n on input line 76.
LaTeX Font Info:    ... okay on input line 76.
LaTeX Font Info:    Checking defaults for T1/cmr/m/n on input line 76.
LaTeX Font Info:    ... okay on input line 76.
LaTeX Font Info:    Checking defaults for TS1/cmr/m/n on input line 76.
LaTeX Font Info:    ... okay on input line 76.
LaTeX Font Info:    Checking defaults for OMX/cmex/m/n on input line 76.
LaTeX Font Info:    ... okay on input line 76.
LaTeX Font Info:    Checking defaults for U/cmr/m/n on input line 76.
LaTeX Font Info:    ... okay on input line 76.
LaTeX Font Info:    Checking defaults for PD1/pdf/m/n on input line 76.
LaTeX Font Info:    ... okay on input line 76.
LaTeX Font Info:    Checking defaults for PU/pdf/m/n on input line 76.
LaTeX Font Info:    ... okay on input line 76.

*geometry* driver: auto-detecting
*geometry* detected driver: pdftex
*geometry* verbose mode - [ preamble ] result:
* driver: pdftex
* paper: letterpaper
* layout: <same size as paper>
* layoutoffset:(h,v)=(0.0pt,0.0pt)
* modes: 
* h-part:(L,W,R)=(92.14519pt, 430.00462pt, 92.14519pt)
* v-part:(T,H,B)=(95.39737pt, 556.47656pt, 143.09605pt)
* \paperwidth=614.295pt
* \paperheight=794.96999pt
* \textwidth=430.00462pt
* \textheight=556.47656pt
* \oddsidemargin=19.8752pt
* \evensidemargin=19.8752pt
* \topmargin=-13.87262pt
* \headheight=12.0pt
* \headsep=25.0pt
* \topskip=10.0pt
* \footskip=30.0pt
* \marginparwidth=65.0pt
* \marginparsep=11.0pt
* \columnsep=10.0pt
* \skip\footins=9.0pt plus 4.0pt minus 2.0pt
* \hoffset=0.0pt
* \voffset=0.0pt
* \mag=1000
* \@twocolumnfalse
* \@twosidefalse
* \@mparswitchfalse
* \@reversemarginfalse
* (1in=72.27pt=25.4mm, 1cm=28.453pt)

*geometry* verbose mode - [ newgeometry ] result:
* driver: pdftex
* paper: letterpaper
* layout: <same size as paper>
* layoutoffset:(h,v)=(0.0pt,0.0pt)
* modes: 
* h-part:(L,W,R)=(72.27pt, 469.75499pt, 72.27pt)
* v-part:(T,H,B)=(72.26999pt, 650.43pt, 72.27pt)
* \paperwidth=614.295pt
* \paperheight=794.96999pt
* \textwidth=469.75499pt
* \textheight=650.43pt
* \oddsidemargin=0.00002pt
* \evensidemargin=0.00002pt
* \topmargin=-39.0pt
* \headheight=14.0pt
* \headsep=25.0pt
* \topskip=10.0pt
* \footskip=30.0pt
* \marginparwidth=65.0pt
* \marginparsep=11.0pt
* \columnsep=10.0pt
* \skip\footins=9.0pt plus 4.0pt minus 2.0pt
* \hoffset=0.0pt
* \voffset=0.0pt
* \mag=1000
* \@twocolumnfalse
* \@twosidefalse
* \@mparswitchfalse
* \@reversemarginfalse
* (1in=72.27pt=25.4mm, 1cm=28.453pt)

Package hyperref Info: Link coloring OFF on input line 76.
(./main.out) (./main.out)
\@outlinefile=\write5
\openout5 = `main.out'.

LaTeX Info: Redefining \microtypecontext on input line 76.
Package microtype Info: Applying patch `item' on input line 76.
Package microtype Info: Applying patch `toc' on input line 76.
Package microtype Info: Applying patch `eqnum' on input line 76.
Package microtype Info: Applying patch `footnote' on input line 76.
Package microtype Info: Applying patch `verbatim' on input line 76.
Package microtype Info: Generating PDF output.
Package microtype Info: Character protrusion enabled (level 2).
Package microtype Info: Using default protrusion set `alltext'.
Package microtype Info: Automatic font expansion enabled (level 2),
(microtype)             stretch: 20, shrink: 20, step: 1, non-selected.
Package microtype Info: Using default expansion set `alltext-nott'.
LaTeX Info: Redefining \showhyphens on input line 76.
Package microtype Info: No adjustment of tracking.
Package microtype Info: No adjustment of interword spacing.
Package microtype Info: No adjustment of character kerning.

(/usr/local/texlive/2024/texmf-dist/tex/latex/microtype/mt-ptm.cfg
File: mt-ptm.cfg 2006/04/20 v1.7 microtype config. file: Times (RS)
)
(/usr/local/texlive/2024/texmf-dist/tex/context/base/mkii/supp-pdf.mkii
[Loading MPS to PDF converter (version 2006.09.02).]
\scratchcounter=\count350
\scratchdimen=\dimen301
\scratchbox=\box80
\nofMPsegments=\count351
\nofMParguments=\count352
\everyMPshowfont=\toks52
\MPscratchCnt=\count353
\MPscratchDim=\dimen302
\MPnumerator=\count354
\makeMPintoPDFobject=\count355
\everyMPtoPDFconversion=\toks53
) (/usr/local/texlive/2024/texmf-dist/tex/latex/epstopdf-pkg/epstopdf-base.sty
Package: epstopdf-base 2020-01-24 v2.11 Base part for package epstopdf
Package epstopdf-base Info: Redefining graphics rule for `.eps' on input line 4
85.

(/usr/local/texlive/2024/texmf-dist/tex/latex/latexconfig/epstopdf-sys.cfg
File: epstopdf-sys.cfg 2010/07/13 v1.3 Configuration of (r)epstopdf for TeX Liv
e
))
(/usr/local/texlive/2024/texmf-dist/tex/latex/translations/translations-basic-d
ictionary-english.trsl
File: translations-basic-dictionary-english.trsl (english translation file `tra
nslations-basic-dictionary')
)
Package translations Info: loading dictionary `translations-basic-dictionary' f
or `english'. on input line 76.

(/usr/local/texlive/2024/texmf-dist/tex/latex/microtype/mt-cmr.cfg
File: mt-cmr.cfg 2013/05/19 v2.2 microtype config. file: Computer Modern Roman 
(RS)
)
LaTeX Font Info:    Trying to load font information for U+msa on input line 78.


(/usr/local/texlive/2024/texmf-dist/tex/latex/amsfonts/umsa.fd
File: umsa.fd 2013/01/14 v3.01 AMS symbols A
)
(/usr/local/texlive/2024/texmf-dist/tex/latex/microtype/mt-msa.cfg
File: mt-msa.cfg 2006/02/04 v1.1 microtype config. file: AMS symbols (a) (RS)
)
LaTeX Font Info:    Trying to load font information for U+msb on input line 78.


(/usr/local/texlive/2024/texmf-dist/tex/latex/amsfonts/umsb.fd
File: umsb.fd 2013/01/14 v3.01 AMS symbols B
)
(/usr/local/texlive/2024/texmf-dist/tex/latex/microtype/mt-msb.cfg
File: mt-msb.cfg 2005/06/01 v1.0 microtype config. file: AMS symbols (b) (RS)
)
LaTeX Font Info:    Trying to load font information for U+lasy on input line 78
.

(/usr/local/texlive/2024/texmf-dist/tex/latex/base/ulasy.fd
File: ulasy.fd 1998/08/17 v2.2e LaTeX symbol font definitions
)
LaTeX Font Info:    Trying to load font information for U+rsfs on input line 78
.

(/usr/local/texlive/2024/texmf-dist/tex/latex/jknapltx/ursfs.fd
File: ursfs.fd 1998/03/24 rsfs font definition file (jk)
)
LaTeX Font Info:    Trying to load font information for T1+cmtt on input line 7
8.

(/usr/local/texlive/2024/texmf-dist/tex/latex/base/t1cmtt.fd
File: t1cmtt.fd 2023/04/13 v2.5m Standard LaTeX font definitions
)
Package microtype Info: Loading generic protrusion settings for font family
(microtype)             `cmtt' (encoding: T1).
(microtype)             For optimal results, create family-specific settings.
(microtype)             See the microtype manual for details.
 [1


{/usr/local/texlive/2024/texmf-var/fonts/map/pdftex/updmap/pdftex.map}{/usr/loc
al/texlive/2024/texmf-dist/fonts/enc/dvips/base/8r.enc}{/usr/local/texlive/2024
/texmf-dist/fonts/enc/dvips/cm-super/cm-super-t1.enc}]
<figure/1Dcase.jpg, id=197, 1124.2pt x 843.15pt>
File: figure/1Dcase.jpg Graphic file (type jpg)
<use figure/1Dcase.jpg>
Package pdftex.def Info: figure/1Dcase.jpg  used on input line 99.
(pdftex.def)             Requested size: 142.26378pt x 103.20572pt.
<figure/2Dcase.jpg, id=199, 1124.2pt x 843.15pt>
File: figure/2Dcase.jpg Graphic file (type jpg)
<use figure/2Dcase.jpg>
Package pdftex.def Info: figure/2Dcase.jpg  used on input line 100.
(pdftex.def)             Requested size: 142.26378pt x 103.20572pt.
<figure/3Dcase.jpg, id=201, 1124.2pt x 843.15pt>
File: figure/3Dcase.jpg Graphic file (type jpg)
<use figure/3Dcase.jpg>
Package pdftex.def Info: figure/3Dcase.jpg  used on input line 101.
(pdftex.def)             Requested size: 142.26378pt x 103.20572pt.

Underfull \vbox (badness 2293) has occurred while \output is active []

 [2
pdfTeX warning (ext4): destination with the same identifier (name{figure.1}) ha
s been already used, duplicate ignored
<argument> ...shipout:D \box_use:N \l_shipout_box 
                                                  \__shipout_drop_firstpage_...
l.132 \end{align*}
                   <./figure/1Dcase.jpg> <./figure/2Dcase.jpg> <./figure/3Dcase
.jpg>] [3
pdfTeX warning (ext4): destination with the same identifier (name{figure.2}) ha
s been already used, duplicate ignored
<argument> ...shipout:D \box_use:N \l_shipout_box 
                                                  \__shipout_drop_firstpage_...
l.186 \end{align*}
                  ] [4]
Package hyperref Info: bookmark level for unknown algorithm defaults to 0 on in
put line 276.
LaTeX Font Info:    Font shape `U/lasy/b/n' in size <7> not available
(Font)              Font shape `U/lasy/m/n' tried instead on input line 284.
LaTeX Font Info:    Font shape `U/lasy/b/n' in size <5> not available
(Font)              Font shape `U/lasy/m/n' tried instead on input line 284.
 [5]
LaTeX Font Info:    Trying to load font information for U+bbm on input line 296
.

(/usr/local/texlive/2024/texmf-dist/tex/latex/bbm-macros/ubbm.fd
File: ubbm.fd 1999/03/15 V 1.2 Font definition for bbm font - TH
)

Package hyperref Warning: Token not allowed in a PDF string (Unicode):
(hyperref)                removing `math shift' on input line 323.


Package hyperref Warning: Token not allowed in a PDF string (Unicode):
(hyperref)                removing `math shift' on input line 323.

[6] [7]

Package hyperref Warning: Token not allowed in a PDF string (Unicode):
(hyperref)                removing `math shift' on input line 368.


Package hyperref Warning: Token not allowed in a PDF string (Unicode):
(hyperref)                removing `math shift' on input line 368.

<figure/rho0_01_0_5.jpg, id=351, 983.675pt x 737.75626pt>
File: figure/rho0_01_0_5.jpg Graphic file (type jpg)
<use figure/rho0_01_0_5.jpg>
Package pdftex.def Info: figure/rho0_01_0_5.jpg  used on input line 378.
(pdftex.def)             Requested size: 227.62204pt x 170.71603pt.
<figure/rho0_5_0_99.jpg, id=352, 983.675pt x 737.75626pt>
File: figure/rho0_5_0_99.jpg Graphic file (type jpg)
<use figure/rho0_5_0_99.jpg>
Package pdftex.def Info: figure/rho0_5_0_99.jpg  used on input line 379.
(pdftex.def)             Requested size: 227.62204pt x 170.71603pt.
[8]
<figure/2D_rho0.01_disc.jpg, id=366, 878.28125pt x 658.46pt>
File: figure/2D_rho0.01_disc.jpg Graphic file (type jpg)
<use figure/2D_rho0.01_disc.jpg>
Package pdftex.def Info: figure/2D_rho0.01_disc.jpg  used on input line 396.
(pdftex.def)             Requested size: 140.92792pt x 127.3274pt.
<figure/2D_rho0.5_disc.jpg, id=368, 878.28125pt x 658.46pt>
File: figure/2D_rho0.5_disc.jpg Graphic file (type jpg)
<use figure/2D_rho0.5_disc.jpg>
Package pdftex.def Info: figure/2D_rho0.5_disc.jpg  used on input line 397.
(pdftex.def)             Requested size: 140.92792pt x 127.3274pt.
<figure/2D_rho0.99_disc.jpg, id=370, 1124.2pt x 843.15pt>
File: figure/2D_rho0.99_disc.jpg Graphic file (type jpg)
<use figure/2D_rho0.99_disc.jpg>
Package pdftex.def Info: figure/2D_rho0.99_disc.jpg  used on input line 399.
(pdftex.def)             Requested size: 140.92792pt x 127.13527pt.
<figure/3D_rho0.01_disc.jpg, id=372, 878.28125pt x 658.46pt>
File: figure/3D_rho0.01_disc.jpg Graphic file (type jpg)
<use figure/3D_rho0.01_disc.jpg>
Package pdftex.def Info: figure/3D_rho0.01_disc.jpg  used on input line 404.
(pdftex.def)             Requested size: 140.92792pt x 127.3274pt.
<figure/3D_rho0.5_disc.jpg, id=374, 878.28125pt x 658.46pt>
File: figure/3D_rho0.5_disc.jpg Graphic file (type jpg)
<use figure/3D_rho0.5_disc.jpg>
Package pdftex.def Info: figure/3D_rho0.5_disc.jpg  used on input line 405.
(pdftex.def)             Requested size: 140.92792pt x 127.3274pt.
<figure/3D_rho0.99_disc.jpg, id=376, 1124.2pt x 843.15pt>
File: figure/3D_rho0.99_disc.jpg Graphic file (type jpg)
<use figure/3D_rho0.99_disc.jpg>
Package pdftex.def Info: figure/3D_rho0.99_disc.jpg  used on input line 407.
(pdftex.def)             Requested size: 140.92792pt x 127.13527pt.
 [9
pdfTeX warning (ext4): destination with the same identifier (name{figure.3}) ha
s been already used, duplicate ignored
<argument> ...shipout:D \box_use:N \l_shipout_box 
                                                  \__shipout_drop_firstpage_...
l.415 
      
pdfTeX warning (ext4): destination with the same identifier (name{figure.4}) ha
s been already used, duplicate ignored
<argument> ...shipout:D \box_use:N \l_shipout_box 
                                                  \__shipout_drop_firstpage_...
l.415 
       <./figure/rho0_01_0_5.jpg> <./figure/rho0_5_0_99.jpg> <./figure/2D_rho0.
01_disc.jpg> <./figure/2D_rho0.5_disc.jpg> <./figure/2D_rho0.99_disc.jpg> <./fi
gure/3D_rho0.01_disc.jpg> <./figure/3D_rho0.5_disc.jpg> <./figure/3D_rho0.99_di
sc.jpg>]

Package hyperref Warning: Token not allowed in a PDF string (Unicode):
(hyperref)                removing `math shift' on input line 438.


Package hyperref Warning: Token not allowed in a PDF string (Unicode):
(hyperref)                removing `math shift' on input line 438.

<figure/2D_nu20_rho0.01.jpg, id=407, 878.28125pt x 658.46pt>
File: figure/2D_nu20_rho0.01.jpg Graphic file (type jpg)
<use figure/2D_nu20_rho0.01.jpg>
Package pdftex.def Info: figure/2D_nu20_rho0.01.jpg  used on input line 450.
(pdftex.def)             Requested size: 140.92792pt x 129.12813pt.
<figure/2D_nu20_rho0.5.jpg, id=409, 878.28125pt x 658.46pt>
File: figure/2D_nu20_rho0.5.jpg Graphic file (type jpg)
<use figure/2D_nu20_rho0.5.jpg>
Package pdftex.def Info: figure/2D_nu20_rho0.5.jpg  used on input line 451.
(pdftex.def)             Requested size: 140.92792pt x 129.12813pt.
<figure/2D_nu20_rho0.99.jpg, id=411, 878.28125pt x 658.46pt>
File: figure/2D_nu20_rho0.99.jpg Graphic file (type jpg)
<use figure/2D_nu20_rho0.99.jpg>
Package pdftex.def Info: figure/2D_nu20_rho0.99.jpg  used on input line 452.
(pdftex.def)             Requested size: 140.92792pt x 129.12813pt.
<figure/2D_nu50_rho0.01.jpg, id=413, 878.28125pt x 658.46pt>
File: figure/2D_nu50_rho0.01.jpg Graphic file (type jpg)
<use figure/2D_nu50_rho0.01.jpg>
Package pdftex.def Info: figure/2D_nu50_rho0.01.jpg  used on input line 457.
(pdftex.def)             Requested size: 140.92792pt x 129.12813pt.
<figure/2D_nu50_rho0.5.jpg, id=415, 878.28125pt x 658.46pt>
File: figure/2D_nu50_rho0.5.jpg Graphic file (type jpg)
<use figure/2D_nu50_rho0.5.jpg>
Package pdftex.def Info: figure/2D_nu50_rho0.5.jpg  used on input line 458.
(pdftex.def)             Requested size: 140.92792pt x 129.12813pt.
<figure/2D_nu50_rho0.99.jpg, id=417, 878.28125pt x 658.46pt>
File: figure/2D_nu50_rho0.99.jpg Graphic file (type jpg)
<use figure/2D_nu50_rho0.99.jpg>
Package pdftex.def Info: figure/2D_nu50_rho0.99.jpg  used on input line 459.
(pdftex.def)             Requested size: 140.92792pt x 129.12813pt.
<figure/2D_nu200_rho0.01.jpg, id=419, 878.28125pt x 658.46pt>
File: figure/2D_nu200_rho0.01.jpg Graphic file (type jpg)
<use figure/2D_nu200_rho0.01.jpg>
Package pdftex.def Info: figure/2D_nu200_rho0.01.jpg  used on input line 464.
(pdftex.def)             Requested size: 140.92792pt x 129.12813pt.
<figure/2D_nu200_rho0.5.jpg, id=421, 878.28125pt x 658.46pt>
File: figure/2D_nu200_rho0.5.jpg Graphic file (type jpg)
<use figure/2D_nu200_rho0.5.jpg>
Package pdftex.def Info: figure/2D_nu200_rho0.5.jpg  used on input line 465.
(pdftex.def)             Requested size: 140.92792pt x 129.12813pt.
<figure/2D_nu200_rho0.99.jpg, id=423, 878.28125pt x 658.46pt>
File: figure/2D_nu200_rho0.99.jpg Graphic file (type jpg)
<use figure/2D_nu200_rho0.99.jpg>
Package pdftex.def Info: figure/2D_nu200_rho0.99.jpg  used on input line 466.
(pdftex.def)             Requested size: 140.92792pt x 129.12813pt.
<figure/3D_nu20_rho0.01.jpg, id=425, 878.28125pt x 658.46pt>
File: figure/3D_nu20_rho0.01.jpg Graphic file (type jpg)
<use figure/3D_nu20_rho0.01.jpg>
Package pdftex.def Info: figure/3D_nu20_rho0.01.jpg  used on input line 475.
(pdftex.def)             Requested size: 140.92792pt x 129.12813pt.
<figure/3D_nu20_rho0.5.jpg, id=427, 878.28125pt x 658.46pt>
File: figure/3D_nu20_rho0.5.jpg Graphic file (type jpg)
<use figure/3D_nu20_rho0.5.jpg>
Package pdftex.def Info: figure/3D_nu20_rho0.5.jpg  used on input line 476.
(pdftex.def)             Requested size: 140.92792pt x 129.12813pt.
<figure/3D_nu20_rho0.99.jpg, id=429, 878.28125pt x 658.46pt>
File: figure/3D_nu20_rho0.99.jpg Graphic file (type jpg)
<use figure/3D_nu20_rho0.99.jpg>
Package pdftex.def Info: figure/3D_nu20_rho0.99.jpg  used on input line 477.
(pdftex.def)             Requested size: 140.92792pt x 129.12813pt.
<figure/3D_nu50_rho0.01.jpg, id=431, 878.28125pt x 658.46pt>
File: figure/3D_nu50_rho0.01.jpg Graphic file (type jpg)
<use figure/3D_nu50_rho0.01.jpg>
Package pdftex.def Info: figure/3D_nu50_rho0.01.jpg  used on input line 482.
(pdftex.def)             Requested size: 140.92792pt x 129.12813pt.
<figure/3D_nu50_rho0.5.jpg, id=433, 878.28125pt x 658.46pt>
File: figure/3D_nu50_rho0.5.jpg Graphic file (type jpg)
<use figure/3D_nu50_rho0.5.jpg>
Package pdftex.def Info: figure/3D_nu50_rho0.5.jpg  used on input line 483.
(pdftex.def)             Requested size: 140.92792pt x 129.12813pt.
<figure/3D_nu50_rho0.99.jpg, id=435, 878.28125pt x 658.46pt>
File: figure/3D_nu50_rho0.99.jpg Graphic file (type jpg)
<use figure/3D_nu50_rho0.99.jpg>
Package pdftex.def Info: figure/3D_nu50_rho0.99.jpg  used on input line 484.
(pdftex.def)             Requested size: 140.92792pt x 129.12813pt.
<figure/3D_nu200_rho0.01.jpg, id=437, 878.28125pt x 658.46pt>
File: figure/3D_nu200_rho0.01.jpg Graphic file (type jpg)
<use figure/3D_nu200_rho0.01.jpg>
Package pdftex.def Info: figure/3D_nu200_rho0.01.jpg  used on input line 489.
(pdftex.def)             Requested size: 140.92792pt x 129.12813pt.
<figure/3D_nu200_rho0.5.jpg, id=439, 878.28125pt x 658.46pt>
File: figure/3D_nu200_rho0.5.jpg Graphic file (type jpg)
<use figure/3D_nu200_rho0.5.jpg>
Package pdftex.def Info: figure/3D_nu200_rho0.5.jpg  used on input line 490.
(pdftex.def)             Requested size: 140.92792pt x 129.12813pt.
<figure/3D_nu200_rho0.99.jpg, id=441, 878.28125pt x 658.46pt>
File: figure/3D_nu200_rho0.99.jpg Graphic file (type jpg)
<use figure/3D_nu200_rho0.99.jpg>
Package pdftex.def Info: figure/3D_nu200_rho0.99.jpg  used on input line 491.
(pdftex.def)             Requested size: 140.92792pt x 129.12813pt.
[10
pdfTeX warning (ext4): destination with the same identifier (name{table.1}) has
 been already used, duplicate ignored
<argument> ...shipout:D \box_use:N \l_shipout_box 
                                                  \__shipout_drop_firstpage_...
l.495 \clearpage
                ] [11
pdfTeX warning (ext4): destination with the same identifier (name{figure.5}) ha
s been already used, duplicate ignored
<argument> ...shipout:D \box_use:N \l_shipout_box 
                                                  \__shipout_drop_firstpage_...
l.495 \clearpage
                 <./figure/2D_nu20_rho0.01.jpg> <./figure/2D_nu20_rho0.5.jpg> <
./figure/2D_nu20_rho0.99.jpg> <./figure/2D_nu50_rho0.01.jpg> <./figure/2D_nu50_
rho0.5.jpg> <./figure/2D_nu50_rho0.99.jpg> <./figure/2D_nu200_rho0.01.jpg> <./f
igure/2D_nu200_rho0.5.jpg> <./figure/2D_nu200_rho0.99.jpg>] [12
pdfTeX warning (ext4): destination with the same identifier (name{figure.6}) ha
s been already used, duplicate ignored
<argument> ...shipout:D \box_use:N \l_shipout_box 
                                                  \__shipout_drop_firstpage_...
l.495 \clearpage
                 <./figure/3D_nu20_rho0.01.jpg> <./figure/3D_nu20_rho0.5.jpg> <
./figure/3D_nu20_rho0.99.jpg> <./figure/3D_nu50_rho0.01.jpg> <./figure/3D_nu50_
rho0.5.jpg> <./figure/3D_nu50_rho0.99.jpg> <./figure/3D_nu200_rho0.01.jpg> <./f
igure/3D_nu200_rho0.5.jpg> <./figure/3D_nu200_rho0.99.jpg>]
<figure/2D_rho1_0.01_rho2_0.01.jpg, id=484, 1124.2pt x 843.15pt>
File: figure/2D_rho1_0.01_rho2_0.01.jpg Graphic file (type jpg)
<use figure/2D_rho1_0.01_rho2_0.01.jpg>
Package pdftex.def Info: figure/2D_rho1_0.01_rho2_0.01.jpg  used on input line 
508.
(pdftex.def)             Requested size: 140.92792pt x 121.83426pt.
<figure/2D_rho1_0.5_rho2_0.5.jpg, id=486, 1124.2pt x 843.15pt>
File: figure/2D_rho1_0.5_rho2_0.5.jpg Graphic file (type jpg)
<use figure/2D_rho1_0.5_rho2_0.5.jpg>
Package pdftex.def Info: figure/2D_rho1_0.5_rho2_0.5.jpg  used on input line 50
9.
(pdftex.def)             Requested size: 140.92792pt x 121.83426pt.
<figure/2D_rho1_0.99_rho2_0.99.jpg, id=488, 1124.2pt x 843.15pt>
File: figure/2D_rho1_0.99_rho2_0.99.jpg Graphic file (type jpg)
<use figure/2D_rho1_0.99_rho2_0.99.jpg>
Package pdftex.def Info: figure/2D_rho1_0.99_rho2_0.99.jpg  used on input line 
510.
(pdftex.def)             Requested size: 140.92792pt x 121.83426pt.
<figure/3D_rho1_0.01_rho2_0.01_rho3_0.01.jpg, id=490, 1124.2pt x 843.15pt>
File: figure/3D_rho1_0.01_rho2_0.01_rho3_0.01.jpg Graphic file (type jpg)
<use figure/3D_rho1_0.01_rho2_0.01_rho3_0.01.jpg>
Package pdftex.def Info: figure/3D_rho1_0.01_rho2_0.01_rho3_0.01.jpg  used on i
nput line 515.
(pdftex.def)             Requested size: 140.92792pt x 121.83426pt.
<figure/3D_rho1_0.5_rho2_0.5_rho3_0.5.jpg, id=492, 1124.2pt x 843.15pt>
File: figure/3D_rho1_0.5_rho2_0.5_rho3_0.5.jpg Graphic file (type jpg)
<use figure/3D_rho1_0.5_rho2_0.5_rho3_0.5.jpg>
Package pdftex.def Info: figure/3D_rho1_0.5_rho2_0.5_rho3_0.5.jpg  used on inpu
t line 516.
(pdftex.def)             Requested size: 140.92792pt x 121.83426pt.
<figure/3D_rho1_0.99_rho2_0.99_rho3_0.99.jpg, id=494, 1124.2pt x 843.15pt>
File: figure/3D_rho1_0.99_rho2_0.99_rho3_0.99.jpg Graphic file (type jpg)
<use figure/3D_rho1_0.99_rho2_0.99_rho3_0.99.jpg>
Package pdftex.def Info: figure/3D_rho1_0.99_rho2_0.99_rho3_0.99.jpg  used on i
nput line 517.
(pdftex.def)             Requested size: 140.92792pt x 121.83426pt.
<figure/2D_rho1_0.01_rho2_0.5.jpg, id=496, 1124.2pt x 843.15pt>
File: figure/2D_rho1_0.01_rho2_0.5.jpg Graphic file (type jpg)
<use figure/2D_rho1_0.01_rho2_0.5.jpg>
Package pdftex.def Info: figure/2D_rho1_0.01_rho2_0.5.jpg  used on input line 5
23.
(pdftex.def)             Requested size: 140.92792pt x 127.13527pt.
<figure/2D_rho1_0.5_rho2_0.99.jpg, id=498, 1124.2pt x 843.15pt>
File: figure/2D_rho1_0.5_rho2_0.99.jpg Graphic file (type jpg)
<use figure/2D_rho1_0.5_rho2_0.99.jpg>
Package pdftex.def Info: figure/2D_rho1_0.5_rho2_0.99.jpg  used on input line 5
24.
(pdftex.def)             Requested size: 140.92792pt x 127.13527pt.
 [13


pdfTeX warning (ext4): destination with the same identifier (name{figure.7}) ha
s been already used, duplicate ignored
<argument> ...shipout:D \box_use:N \l_shipout_box 
                                                  \__shipout_drop_firstpage_...
l.534 T
       he largest peak has a $t$-statistic value of 13.59. This peak is loca...
 <./figure/2D_rho1_0.01_rho2_0.01.jpg> <./figure/2D_rho1_0.5_rho2_0.5.jpg> <./f
igure/2D_rho1_0.99_rho2_0.99.jpg> <./figure/3D_rho1_0.01_rho2_0.01_rho3_0.01.jp
g> <./figure/3D_rho1_0.5_rho2_0.5_rho3_0.5.jpg> <./figure/3D_rho1_0.99_rho2_0.9
9_rho3_0.99.jpg>]
<figure/presentation1.png, id=525, 1096.095pt x 367.3725pt>
File: figure/presentation1.png Graphic file (type png)
<use figure/presentation1.png>
Package pdftex.def Info: figure/presentation1.png  used on input line 538.
(pdftex.def)             Requested size: 483.69684pt x 162.12086pt.

Overfull \hbox (13.94185pt too wide) in paragraph at lines 538--539
 [][] 
 []

[14
pdfTeX warning (ext4): destination with the same identifier (name{figure.8}) ha
s been already used, duplicate ignored
<argument> ...shipout:D \box_use:N \l_shipout_box 
                                                  \__shipout_drop_firstpage_...
l.543 
      
pdfTeX warning (ext4): destination with the same identifier (name{figure.9}) ha
s been already used, duplicate ignored
<argument> ...shipout:D \box_use:N \l_shipout_box 
                                                  \__shipout_drop_firstpage_...
l.543 
       <./figure/presentation1.png> <./figure/2D_rho1_0.01_rho2_0.5.jpg> <./fig
ure/2D_rho1_0.5_rho2_0.99.jpg>] [15
pdfTeX warning (ext4): destination with the same identifier (name{table.2}) has
 been already used, duplicate ignored
<argument> ...shipout:D \box_use:N \l_shipout_box 
                                                  \__shipout_drop_firstpage_...
l.575 \newpage
              ] (./main.bbl) [16] [17] Excluding 'comment' comment. [18]

LaTeX Warning: Reference `eqn.a3' on page 19 undefined on input line 766.

<figure/covariance function_3D.png, id=579, 788.9475pt x 540.0175pt>
File: figure/covariance function_3D.png Graphic file (type png)
<use figure/covariance function_3D.png>
Package pdftex.def Info: figure/covariance function_3D.png  used on input line 
779.
(pdftex.def)             Requested size: 227.62204pt x 155.80177pt.

Package hyperref Warning: Token not allowed in a PDF string (Unicode):
(hyperref)                removing `math shift' on input line 783.


Package hyperref Warning: Token not allowed in a PDF string (Unicode):
(hyperref)                removing `math shift' on input line 783.

[19
pdfTeX warning (ext4): destination with the same identifier (name{figure.10}) h
as been already used, duplicate ignored
<argument> ...shipout:D \box_use:N \l_shipout_box 
                                                  \__shipout_drop_firstpage_...
l.791 T
       he idea of this $pp$ plot is similar to the one used in \cite{schwart...
 <./figure/covariance function_3D.png>]
LaTeX Font Info:    Trying to load font information for TS1+ptm on input line 7
95.

(/usr/local/texlive/2024/texmf-dist/tex/latex/psnfss/ts1ptm.fd
File: ts1ptm.fd 2001/06/04 font definitions for TS1/ptm.
)
<figure/Armin_Fabian_method.jpg, id=601, 1124.2pt x 843.15pt>
File: figure/Armin_Fabian_method.jpg Graphic file (type jpg)
<use figure/Armin_Fabian_method.jpg>
Package pdftex.def Info: figure/Armin_Fabian_method.jpg  used on input line 819
.
(pdftex.def)             Requested size: 140.92792pt x 121.83426pt.
<figure/new_method.jpg, id=603, 1124.2pt x 843.15pt>
File: figure/new_method.jpg Graphic file (type jpg)
<use figure/new_method.jpg>
Package pdftex.def Info: figure/new_method.jpg  used on input line 820.
(pdftex.def)             Requested size: 140.92792pt x 121.83426pt.
<figure/2D_rho0.01_nondiag.jpg, id=613, 878.28125pt x 658.46pt>
File: figure/2D_rho0.01_nondiag.jpg Graphic file (type jpg)
<use figure/2D_rho0.01_nondiag.jpg>
Package pdftex.def Info: figure/2D_rho0.01_nondiag.jpg  used on input line 835.

(pdftex.def)             Requested size: 140.92792pt x 127.3274pt.
<figure/2D_rho0.5_nondiag.jpg, id=615, 878.28125pt x 658.46pt>
File: figure/2D_rho0.5_nondiag.jpg Graphic file (type jpg)
<use figure/2D_rho0.5_nondiag.jpg>
Package pdftex.def Info: figure/2D_rho0.5_nondiag.jpg  used on input line 836.
(pdftex.def)             Requested size: 140.92792pt x 127.3274pt.
<figure/2D_rho0.99_nondiag.jpg, id=617, 878.28125pt x 658.46pt>
File: figure/2D_rho0.99_nondiag.jpg Graphic file (type jpg)
<use figure/2D_rho0.99_nondiag.jpg>
Package pdftex.def Info: figure/2D_rho0.99_nondiag.jpg  used on input line 838.

(pdftex.def)             Requested size: 140.92792pt x 127.3274pt.
<figure/3D_rho0.01_nondiag.jpg, id=619, 878.28125pt x 658.46pt>
File: figure/3D_rho0.01_nondiag.jpg Graphic file (type jpg)
<use figure/3D_rho0.01_nondiag.jpg>
Package pdftex.def Info: figure/3D_rho0.01_nondiag.jpg  used on input line 843.

(pdftex.def)             Requested size: 140.92792pt x 127.3274pt.
<figure/3D_rho0.5_nondiag.jpg, id=621, 878.28125pt x 658.46pt>
File: figure/3D_rho0.5_nondiag.jpg Graphic file (type jpg)
<use figure/3D_rho0.5_nondiag.jpg>
Package pdftex.def Info: figure/3D_rho0.5_nondiag.jpg  used on input line 844.
(pdftex.def)             Requested size: 140.92792pt x 127.3274pt.
<figure/3D_rho0.99_nondiag.jpg, id=623, 878.28125pt x 658.46pt>
File: figure/3D_rho0.99_nondiag.jpg Graphic file (type jpg)
<use figure/3D_rho0.99_nondiag.jpg>
Package pdftex.def Info: figure/3D_rho0.99_nondiag.jpg  used on input line 846.

(pdftex.def)             Requested size: 140.92792pt x 127.3274pt.
 [20
pdfTeX warning (ext4): destination with the same identifier (name{figure.11}) h
as been already used, duplicate ignored
<argument> ...shipout:D \box_use:N \l_shipout_box 
                                                  \__shipout_drop_firstpage_...
l.848 \end{figure}
                   <./figure/Armin_Fabian_method.jpg> <./figure/new_method.jpg>
]

Package hyperref Warning: Token not allowed in a PDF string (Unicode):
(hyperref)                removing `\hbox' on input line 852.


Package hyperref Warning: Token not allowed in a PDF string (Unicode):
(hyperref)                removing `\mathsurround' on input line 852.


Package hyperref Warning: Token not allowed in a PDF string (Unicode):
(hyperref)                removing `\z@' on input line 852.


Package hyperref Warning: Token not allowed in a PDF string (Unicode):
(hyperref)                removing `\unskip' on input line 852.


Package hyperref Warning: Token not allowed in a PDF string (Unicode):
(hyperref)                removing `\@@italiccorr' on input line 852.

<figure/2D_rho0.01.jpg, id=641, 878.28125pt x 658.46pt>
File: figure/2D_rho0.01.jpg Graphic file (type jpg)
<use figure/2D_rho0.01.jpg>
Package pdftex.def Info: figure/2D_rho0.01.jpg  used on input line 862.
(pdftex.def)             Requested size: 140.92792pt x 127.3274pt.
<figure/2D_rho0.5.jpg, id=643, 878.28125pt x 658.46pt>
File: figure/2D_rho0.5.jpg Graphic file (type jpg)
<use figure/2D_rho0.5.jpg>
Package pdftex.def Info: figure/2D_rho0.5.jpg  used on input line 863.
(pdftex.def)             Requested size: 140.92792pt x 127.3274pt.
<figure/2D_rho0.99.jpg, id=645, 878.28125pt x 658.46pt>
File: figure/2D_rho0.99.jpg Graphic file (type jpg)
<use figure/2D_rho0.99.jpg>
Package pdftex.def Info: figure/2D_rho0.99.jpg  used on input line 865.
(pdftex.def)             Requested size: 140.92792pt x 127.3274pt.
<figure/3D_rho0.01.jpg, id=647, 878.28125pt x 658.46pt>
File: figure/3D_rho0.01.jpg Graphic file (type jpg)
<use figure/3D_rho0.01.jpg>
Package pdftex.def Info: figure/3D_rho0.01.jpg  used on input line 870.
(pdftex.def)             Requested size: 140.92792pt x 127.3274pt.
<figure/3D_rho0.5.jpg, id=649, 878.28125pt x 658.46pt>
File: figure/3D_rho0.5.jpg Graphic file (type jpg)
<use figure/3D_rho0.5.jpg>
Package pdftex.def Info: figure/3D_rho0.5.jpg  used on input line 871.
(pdftex.def)             Requested size: 140.92792pt x 127.3274pt.
<figure/3D_rho0.99.jpg, id=651, 878.28125pt x 658.46pt>
File: figure/3D_rho0.99.jpg Graphic file (type jpg)
<use figure/3D_rho0.99.jpg>
Package pdftex.def Info: figure/3D_rho0.99.jpg  used on input line 873.
(pdftex.def)             Requested size: 140.92792pt x 127.3274pt.
Excluding 'comment' comment. [21
pdfTeX warning (ext4): destination with the same identifier (name{figure.12}) h
as been already used, duplicate ignored
<argument> ...shipout:D \box_use:N \l_shipout_box 
                                                  \__shipout_drop_firstpage_...
l.899 A
       fter generating a look-up table, we apply the cubic spline smoothing ...
 <./figure/2D_rho0.01_nondiag.jpg> <./figure/2D_rho0.5_nondiag.jpg> <./figure/2
D_rho0.99_nondiag.jpg> <./figure/3D_rho0.01_nondiag.jpg> <./figure/3D_rho0.5_no
ndiag.jpg> <./figure/3D_rho0.99_nondiag.jpg>]
<figure/presmooth_3D.jpg, id=671, 1124.2pt x 843.15pt>
File: figure/presmooth_3D.jpg Graphic file (type jpg)
<use figure/presmooth_3D.jpg>
Package pdftex.def Info: figure/presmooth_3D.jpg  used on input line 909.
(pdftex.def)             Requested size: 170.71652pt x 128.03662pt.
<figure/Aftersmooth_3D.jpg, id=672, 1124.2pt x 843.15pt>
File: figure/Aftersmooth_3D.jpg Graphic file (type jpg)
<use figure/Aftersmooth_3D.jpg>
Package pdftex.def Info: figure/Aftersmooth_3D.jpg  used on input line 910.
(pdftex.def)             Requested size: 170.71652pt x 128.03662pt.
<figure/3D_cubic_10.jpg, id=673, 1124.2pt x 843.15pt>
File: figure/3D_cubic_10.jpg Graphic file (type jpg)
<use figure/3D_cubic_10.jpg>
Package pdftex.def Info: figure/3D_cubic_10.jpg  used on input line 916.
(pdftex.def)             Requested size: 142.26378pt x 106.69289pt.
<figure/3D_cubic_50000.jpg, id=674, 1124.2pt x 843.15pt>
File: figure/3D_cubic_50000.jpg Graphic file (type jpg)
<use figure/3D_cubic_50000.jpg>
Package pdftex.def Info: figure/3D_cubic_50000.jpg  used on input line 917.
(pdftex.def)             Requested size: 142.26378pt x 106.69289pt.
<figure/3D_cubic_99990.jpg, id=675, 1124.2pt x 843.15pt>
File: figure/3D_cubic_99990.jpg Graphic file (type jpg)
<use figure/3D_cubic_99990.jpg>
Package pdftex.def Info: figure/3D_cubic_99990.jpg  used on input line 918.
(pdftex.def)             Requested size: 142.26378pt x 106.69289pt.
 [22
pdfTeX warning (ext4): destination with the same identifier (name{figure.13}) h
as been already used, duplicate ignored
<argument> ...shipout:D \box_use:N \l_shipout_box 
                                                  \__shipout_drop_firstpage_...
l.923 
      
pdfTeX warning (ext4): destination with the same identifier (name{figure.14}) h
as been already used, duplicate ignored
<argument> ...shipout:D \box_use:N \l_shipout_box 
                                                  \__shipout_drop_firstpage_...
l.923 
       <./figure/presmooth_3D.jpg> <./figure/Aftersmooth_3D.jpg> <./figure/2D_r
ho0.01.jpg> <./figure/2D_rho0.5.jpg> <./figure/2D_rho0.99.jpg> <./figure/3D_rho
0.01.jpg> <./figure/3D_rho0.5.jpg> <./figure/3D_rho0.99.jpg>]
Excluding 'comment' comment.

Package hyperref Warning: Token not allowed in a PDF string (Unicode):
(hyperref)                removing `math shift' on input line 958.


Package hyperref Warning: Token not allowed in a PDF string (Unicode):
(hyperref)                removing `math shift' on input line 958.

<figure/2D_nu20_rho0.01_gauss.jpg, id=696, 878.28125pt x 658.46pt>
File: figure/2D_nu20_rho0.01_gauss.jpg Graphic file (type jpg)
<use figure/2D_nu20_rho0.01_gauss.jpg>
Package pdftex.def Info: figure/2D_nu20_rho0.01_gauss.jpg  used on input line 9
68.
(pdftex.def)             Requested size: 140.92792pt x 129.12813pt.
<figure/2D_nu20_rho0.5_gauss.jpg, id=698, 878.28125pt x 658.46pt>
File: figure/2D_nu20_rho0.5_gauss.jpg Graphic file (type jpg)
<use figure/2D_nu20_rho0.5_gauss.jpg>
Package pdftex.def Info: figure/2D_nu20_rho0.5_gauss.jpg  used on input line 96
9.
(pdftex.def)             Requested size: 140.92792pt x 129.12813pt.
<figure/2D_nu20_rho0.99_gauss.jpg, id=700, 878.28125pt x 658.46pt>
File: figure/2D_nu20_rho0.99_gauss.jpg Graphic file (type jpg)
<use figure/2D_nu20_rho0.99_gauss.jpg>
Package pdftex.def Info: figure/2D_nu20_rho0.99_gauss.jpg  used on input line 9
70.
(pdftex.def)             Requested size: 140.92792pt x 129.12813pt.
<figure/2D_nu50_rho0.01_gauss.jpg, id=702, 878.28125pt x 658.46pt>
File: figure/2D_nu50_rho0.01_gauss.jpg Graphic file (type jpg)
<use figure/2D_nu50_rho0.01_gauss.jpg>
Package pdftex.def Info: figure/2D_nu50_rho0.01_gauss.jpg  used on input line 9
75.
(pdftex.def)             Requested size: 140.92792pt x 129.12813pt.
<figure/2D_nu50_rho0.5_gauss.jpg, id=704, 878.28125pt x 658.46pt>
File: figure/2D_nu50_rho0.5_gauss.jpg Graphic file (type jpg)
<use figure/2D_nu50_rho0.5_gauss.jpg>
Package pdftex.def Info: figure/2D_nu50_rho0.5_gauss.jpg  used on input line 97
6.
(pdftex.def)             Requested size: 140.92792pt x 129.12813pt.
<figure/2D_nu50_rho0.99_gauss.jpg, id=706, 878.28125pt x 658.46pt>
File: figure/2D_nu50_rho0.99_gauss.jpg Graphic file (type jpg)
<use figure/2D_nu50_rho0.99_gauss.jpg>
Package pdftex.def Info: figure/2D_nu50_rho0.99_gauss.jpg  used on input line 9
77.
(pdftex.def)             Requested size: 140.92792pt x 129.12813pt.
<figure/2D_nu200_rho0.01_gauss.jpg, id=708, 878.28125pt x 658.46pt>
File: figure/2D_nu200_rho0.01_gauss.jpg Graphic file (type jpg)
<use figure/2D_nu200_rho0.01_gauss.jpg>
Package pdftex.def Info: figure/2D_nu200_rho0.01_gauss.jpg  used on input line 
982.
(pdftex.def)             Requested size: 140.92792pt x 129.12813pt.
<figure/2D_nu200_rho0.5_gauss.jpg, id=710, 878.28125pt x 658.46pt>
File: figure/2D_nu200_rho0.5_gauss.jpg Graphic file (type jpg)
<use figure/2D_nu200_rho0.5_gauss.jpg>
Package pdftex.def Info: figure/2D_nu200_rho0.5_gauss.jpg  used on input line 9
83.
(pdftex.def)             Requested size: 140.92792pt x 129.12813pt.
<figure/2D_nu200_rho0.99_gauss.jpg, id=712, 878.28125pt x 658.46pt>
File: figure/2D_nu200_rho0.99_gauss.jpg Graphic file (type jpg)
<use figure/2D_nu200_rho0.99_gauss.jpg>
Package pdftex.def Info: figure/2D_nu200_rho0.99_gauss.jpg  used on input line 
984.
(pdftex.def)             Requested size: 140.92792pt x 129.12813pt.
<figure/3D_nu20_rho0.01_gauss.jpg, id=714, 878.28125pt x 658.46pt>
File: figure/3D_nu20_rho0.01_gauss.jpg Graphic file (type jpg)
<use figure/3D_nu20_rho0.01_gauss.jpg>
Package pdftex.def Info: figure/3D_nu20_rho0.01_gauss.jpg  used on input line 9
93.
(pdftex.def)             Requested size: 140.92792pt x 129.12813pt.
<figure/3D_nu20_rho0.5_gauss.jpg, id=716, 878.28125pt x 658.46pt>
File: figure/3D_nu20_rho0.5_gauss.jpg Graphic file (type jpg)
<use figure/3D_nu20_rho0.5_gauss.jpg>
Package pdftex.def Info: figure/3D_nu20_rho0.5_gauss.jpg  used on input line 99
4.
(pdftex.def)             Requested size: 140.92792pt x 129.12813pt.
<figure/3D_nu20_rho0.99_gauss.jpg, id=718, 878.28125pt x 658.46pt>
File: figure/3D_nu20_rho0.99_gauss.jpg Graphic file (type jpg)
<use figure/3D_nu20_rho0.99_gauss.jpg>
Package pdftex.def Info: figure/3D_nu20_rho0.99_gauss.jpg  used on input line 9
95.
(pdftex.def)             Requested size: 140.92792pt x 129.12813pt.
<figure/3D_nu50_rho0.01_gauss.jpg, id=720, 878.28125pt x 658.46pt>
File: figure/3D_nu50_rho0.01_gauss.jpg Graphic file (type jpg)
<use figure/3D_nu50_rho0.01_gauss.jpg>
Package pdftex.def Info: figure/3D_nu50_rho0.01_gauss.jpg  used on input line 1
000.
(pdftex.def)             Requested size: 140.92792pt x 129.12813pt.
<figure/3D_nu50_rho0.5_gauss.jpg, id=722, 878.28125pt x 658.46pt>
File: figure/3D_nu50_rho0.5_gauss.jpg Graphic file (type jpg)
<use figure/3D_nu50_rho0.5_gauss.jpg>
Package pdftex.def Info: figure/3D_nu50_rho0.5_gauss.jpg  used on input line 10
01.
(pdftex.def)             Requested size: 140.92792pt x 129.12813pt.
<figure/3D_nu50_rho0.99_gauss.jpg, id=724, 878.28125pt x 658.46pt>
File: figure/3D_nu50_rho0.99_gauss.jpg Graphic file (type jpg)
<use figure/3D_nu50_rho0.99_gauss.jpg>
Package pdftex.def Info: figure/3D_nu50_rho0.99_gauss.jpg  used on input line 1
002.
(pdftex.def)             Requested size: 140.92792pt x 129.12813pt.
<figure/3D_nu200_rho0.01_gauss.jpg, id=726, 878.28125pt x 658.46pt>
File: figure/3D_nu200_rho0.01_gauss.jpg Graphic file (type jpg)
<use figure/3D_nu200_rho0.01_gauss.jpg>
Package pdftex.def Info: figure/3D_nu200_rho0.01_gauss.jpg  used on input line 
1007.
(pdftex.def)             Requested size: 140.92792pt x 129.12813pt.
<figure/3D_nu200_rho0.5_gauss.jpg, id=728, 878.28125pt x 658.46pt>
File: figure/3D_nu200_rho0.5_gauss.jpg Graphic file (type jpg)
<use figure/3D_nu200_rho0.5_gauss.jpg>
Package pdftex.def Info: figure/3D_nu200_rho0.5_gauss.jpg  used on input line 1
008.
(pdftex.def)             Requested size: 140.92792pt x 129.12813pt.
<figure/3D_nu200_rho0.99_gauss.jpg, id=730, 878.28125pt x 658.46pt>
File: figure/3D_nu200_rho0.99_gauss.jpg Graphic file (type jpg)
<use figure/3D_nu200_rho0.99_gauss.jpg>
Package pdftex.def Info: figure/3D_nu200_rho0.99_gauss.jpg  used on input line 
1009.
(pdftex.def)             Requested size: 140.92792pt x 129.12813pt.

Underfull \vbox (badness 10000) has occurred while \output is active []

 [23
pdfTeX warning (ext4): destination with the same identifier (name{figure.15}) h
as been already used, duplicate ignored
<argument> ...shipout:D \box_use:N \l_shipout_box 
                                                  \__shipout_drop_firstpage_...
l.1045 \end{equation}
                      <./figure/3D_cubic_10.jpg> <./figure/3D_cubic_50000.jpg> 
<./figure/3D_cubic_99990.jpg>]
<figure/2D_rho1_0.9_rho2_0.9.jpg, id=747, 983.675pt x 737.75626pt>
File: figure/2D_rho1_0.9_rho2_0.9.jpg Graphic file (type jpg)
<use figure/2D_rho1_0.9_rho2_0.9.jpg>
Package pdftex.def Info: figure/2D_rho1_0.9_rho2_0.9.jpg  used on input line 10
53.
(pdftex.def)             Requested size: 140.92792pt x 124.59888pt.
<figure/2D_rho1_0.93_rho2_0.93.jpg, id=749, 983.675pt x 737.75626pt>
File: figure/2D_rho1_0.93_rho2_0.93.jpg Graphic file (type jpg)
<use figure/2D_rho1_0.93_rho2_0.93.jpg>
Package pdftex.def Info: figure/2D_rho1_0.93_rho2_0.93.jpg  used on input line 
1054.
(pdftex.def)             Requested size: 140.92792pt x 124.59888pt.
<figure/2D_rho1_0.95_rho2_0.95.jpg, id=751, 983.675pt x 737.75626pt>
File: figure/2D_rho1_0.95_rho2_0.95.jpg Graphic file (type jpg)
<use figure/2D_rho1_0.95_rho2_0.95.jpg>
Package pdftex.def Info: figure/2D_rho1_0.95_rho2_0.95.jpg  used on input line 
1056.
(pdftex.def)             Requested size: 140.92792pt x 124.59888pt.
<figure/3D_rho1_0.9_rho2_0.9.jpg, id=753, 983.675pt x 737.75626pt>
File: figure/3D_rho1_0.9_rho2_0.9.jpg Graphic file (type jpg)
<use figure/3D_rho1_0.9_rho2_0.9.jpg>
Package pdftex.def Info: figure/3D_rho1_0.9_rho2_0.9.jpg  used on input line 10
61.
(pdftex.def)             Requested size: 140.92792pt x 124.59888pt.
<figure/3D_rho1_0.93_rho2_0.93.jpg, id=755, 983.675pt x 737.75626pt>
File: figure/3D_rho1_0.93_rho2_0.93.jpg Graphic file (type jpg)
<use figure/3D_rho1_0.93_rho2_0.93.jpg>
Package pdftex.def Info: figure/3D_rho1_0.93_rho2_0.93.jpg  used on input line 
1062.
(pdftex.def)             Requested size: 140.92792pt x 124.59888pt.
<figure/3D_rho1_0.95_rho2_0.95.jpg, id=757, 983.675pt x 737.75626pt>
File: figure/3D_rho1_0.95_rho2_0.95.jpg Graphic file (type jpg)
<use figure/3D_rho1_0.95_rho2_0.95.jpg>
Package pdftex.def Info: figure/3D_rho1_0.95_rho2_0.95.jpg  used on input line 
1064.
(pdftex.def)             Requested size: 140.92792pt x 124.59888pt.
 [24
pdfTeX warning (ext4): destination with the same identifier (name{figure.16}) h
as been already used, duplicate ignored
<argument> ...shipout:D \box_use:N \l_shipout_box 
                                                  \__shipout_drop_firstpage_...
l.1068 \clearpage
                  <./figure/2D_nu20_rho0.01_gauss.jpg> <./figure/2D_nu20_rho0.5
_gauss.jpg> <./figure/2D_nu20_rho0.99_gauss.jpg> <./figure/2D_nu50_rho0.01_gaus
s.jpg> <./figure/2D_nu50_rho0.5_gauss.jpg> <./figure/2D_nu50_rho0.99_gauss.jpg>
 <./figure/2D_nu200_rho0.01_gauss.jpg> <./figure/2D_nu200_rho0.5_gauss.jpg> <./
figure/2D_nu200_rho0.99_gauss.jpg>] [25
pdfTeX warning (ext4): destination with the same identifier (name{figure.17}) h
as been already used, duplicate ignored
<argument> ...shipout:D \box_use:N \l_shipout_box 
                                                  \__shipout_drop_firstpage_...
l.1068 \clearpage
                  <./figure/3D_nu20_rho0.01_gauss.jpg> <./figure/3D_nu20_rho0.5
_gauss.jpg> <./figure/3D_nu20_rho0.99_gauss.jpg> <./figure/3D_nu50_rho0.01_gaus
s.jpg> <./figure/3D_nu50_rho0.5_gauss.jpg> <./figure/3D_nu50_rho0.99_gauss.jpg>
 <./figure/3D_nu200_rho0.01_gauss.jpg> <./figure/3D_nu200_rho0.5_gauss.jpg> <./
figure/3D_nu200_rho0.99_gauss.jpg>] [26
pdfTeX warning (ext4): destination with the same identifier (name{figure.18}) h
as been already used, duplicate ignored
<argument> ...shipout:D \box_use:N \l_shipout_box 
                                                  \__shipout_drop_firstpage_...
l.1068 \clearpage
                  <./figure/2D_rho1_0.9_rho2_0.9.jpg> <./figure/2D_rho1_0.93_rh
o2_0.93.jpg> <./figure/2D_rho1_0.95_rho2_0.95.jpg> <./figure/3D_rho1_0.9_rho2_0
.9.jpg> <./figure/3D_rho1_0.93_rho2_0.93.jpg> <./figure/3D_rho1_0.95_rho2_0.95.
jpg>]
Overfull \hbox (0.93651pt too wide) in paragraph at lines 1076--1104
 [] 
 []

[27


pdfTeX warning (ext4): destination with the same identifier (name{table.3}) has
 been already used, duplicate ignored
<argument> ...shipout:D \box_use:N \l_shipout_box 
                                                  \__shipout_drop_firstpage_...
l.1107 \end{document}
                     ] (./main.aux)
 ***********
LaTeX2e <2023-11-01> patch level 1
L3 programming layer <2024-02-20>
 ***********


LaTeX Warning: There were undefined references.

Package rerunfilecheck Info: File `main.out' has not changed.
(rerunfilecheck)             Checksum: 2EA47E53FCAB330582FFB1206E985B62;7770.
 ) 
Here is how much of TeX's memory you used:
 30800 strings out of 474116
 617299 string characters out of 5743682
 1954187 words of memory out of 5000000
 52197 multiletter control sequences out of 15000+600000
 635070 words of font info for 318 fonts, out of 8000000 for 9000
 1141 hyphenation exceptions out of 8191
 102i,15n,107p,1874b,1034s stack positions out of 10000i,1000n,20000p,200000b,200000s
 </Users/sdavenport/Library/texlive/2024/texmf-var/fonts/pk/ljfour/public/bbm
/bbm10.600pk></usr/local/texlive/2024/texmf-dist/fonts/type1/public/amsfonts/cm
/cmbx10.pfb></usr/local/texlive/2024/texmf-dist/fonts/type1/public/amsfonts/cm/
cmex10.pfb></usr/local/texlive/2024/texmf-dist/fonts/type1/public/amsfonts/cmex
tra/cmex7.pfb></usr/local/texlive/2024/texmf-dist/fonts/type1/public/amsfonts/c
m/cmmi10.pfb></usr/local/texlive/2024/texmf-dist/fonts/type1/public/amsfonts/cm
/cmmi12.pfb></usr/local/texlive/2024/texmf-dist/fonts/type1/public/amsfonts/cm/
cmmi5.pfb></usr/local/texlive/2024/texmf-dist/fonts/type1/public/amsfonts/cm/cm
mi7.pfb></usr/local/texlive/2024/texmf-dist/fonts/type1/public/amsfonts/cm/cmmi
9.pfb></usr/local/texlive/2024/texmf-dist/fonts/type1/public/amsfonts/cm/cmmib1
0.pfb></usr/local/texlive/2024/texmf-dist/fonts/type1/public/amsfonts/cm/cmr10.
pfb></usr/local/texlive/2024/texmf-dist/fonts/type1/public/amsfonts/cm/cmr5.pfb
></usr/local/texlive/2024/texmf-dist/fonts/type1/public/amsfonts/cm/cmr7.pfb></
usr/local/texlive/2024/texmf-dist/fonts/type1/public/amsfonts/cm/cmr9.pfb></usr
/local/texlive/2024/texmf-dist/fonts/type1/public/amsfonts/cm/cmsy10.pfb></usr/
local/texlive/2024/texmf-dist/fonts/type1/public/amsfonts/cm/cmsy5.pfb></usr/lo
cal/texlive/2024/texmf-dist/fonts/type1/public/amsfonts/cm/cmsy7.pfb></usr/loca
l/texlive/2024/texmf-dist/fonts/type1/public/amsfonts/symbols/msbm10.pfb></usr/
local/texlive/2024/texmf-dist/fonts/type1/public/cm-super/sftt1000.pfb></usr/lo
cal/texlive/2024/texmf-dist/fonts/type1/urw/times/utmb8a.pfb></usr/local/texliv
e/2024/texmf-dist/fonts/type1/urw/times/utmbi8a.pfb></usr/local/texlive/2024/te
xmf-dist/fonts/type1/urw/times/utmr8a.pfb></usr/local/texlive/2024/texmf-dist/f
onts/type1/urw/times/utmri8a.pfb>
Output written on main.pdf (27 pages, 6535805 bytes).
PDF statistics:
 931 PDF objects out of 1000 (max. 8388607)
 690 compressed objects within 7 object streams
 132 named destinations out of 1000 (max. 500000)
 64085 words of extra memory for PDF output out of 74296 (max. 10000000)

